1764003288.834750820:start:download            : linux
1764003288.853796726:end  :download            : linux
1764003288.867685838:start:extract             : linux
1764003294.376191111:end  :extract             : linux
1764003294.388832681:start:patch               : linux
1764003295.281811031:end  :patch               : linux
1764003295.295261245:start:download            : host-skeleton
1764003295.302469411:end  :download            : host-skeleton
1764003295.315458466:start:extract             : host-skeleton
1764003295.324158536:end  :extract             : host-skeleton
1764003295.337805769:start:patch               : host-skeleton
1764003295.353051410:end  :patch               : host-skeleton
1764003295.365535536:start:configure           : host-skeleton
1764003295.384276798:end  :configure           : host-skeleton
1764003295.398306326:start:build               : host-skeleton
1764003295.401862647:end  :build               : host-skeleton
1764003295.415116173:start:install-host        : host-skeleton
1764003295.428730155:end  :install-host        : host-skeleton
1764003295.516099071:start:download            : skeleton-init-common
1764003295.522172232:end  :download            : skeleton-init-common
1764003295.535257061:start:extract             : skeleton-init-common
1764003295.544296880:end  :extract             : skeleton-init-common
1764003295.557562839:start:patch               : skeleton-init-common
1764003295.574228483:end  :patch               : skeleton-init-common
1764003295.589067675:start:configure           : skeleton-init-common
1764003295.605854851:end  :configure           : skeleton-init-common
1764003295.619132220:start:build               : skeleton-init-common
1764003295.623343223:end  :build               : skeleton-init-common
1764003295.636149876:start:install-staging     : skeleton-init-common
1764003295.722567150:end  :install-staging     : skeleton-init-common
1764003295.737498589:start:install-target      : skeleton-init-common
1764003295.811845020:end  :install-target      : skeleton-init-common
1764003295.912264253:start:download            : skeleton-init-sysv
1764003295.918187501:end  :download            : skeleton-init-sysv
1764003295.931177207:start:extract             : skeleton-init-sysv
1764003295.940644734:end  :extract             : skeleton-init-sysv
1764003295.954127557:start:patch               : skeleton-init-sysv
1764003295.970349174:end  :patch               : skeleton-init-sysv
1764003295.983249568:start:configure           : skeleton-init-sysv
1764003296.003553032:end  :configure           : skeleton-init-sysv
1764003296.016500674:start:build               : skeleton-init-sysv
1764003296.021321127:end  :build               : skeleton-init-sysv
1764003296.034971608:start:install-target      : skeleton-init-sysv
1764003296.090510178:end  :install-target      : skeleton-init-sysv
1764003296.167646011:start:download            : skeleton
1764003296.174648985:end  :download            : skeleton
1764003296.187034704:start:extract             : skeleton
1764003296.195965938:end  :extract             : skeleton
1764003296.209672962:start:patch               : skeleton
1764003296.225269244:end  :patch               : skeleton
1764003296.239597339:start:configure           : skeleton
1764003296.260034170:end  :configure           : skeleton
1764003296.274453741:start:build               : skeleton
1764003296.277734732:end  :build               : skeleton
1764003296.290245629:start:install-target      : skeleton
1764003296.298445451:end  :install-target      : skeleton
1764003296.372926383:start:download            : host-m4
1764003296.404197059:end  :download            : host-m4
1764003296.417357960:start:extract             : host-m4
1764003296.530121318:end  :extract             : host-m4
1764003296.542773553:start:patch               : host-m4
1764003296.583117040:end  :patch               : host-m4
1764003296.598459861:start:configure           : host-m4
1764003320.374253506:end  :configure           : host-m4
1764003320.386576832:start:build               : host-m4
1764003323.312156063:end  :build               : host-m4
1764003323.325781824:start:install-host        : host-m4
1764003323.611851785:end  :install-host        : host-m4
1764003323.700750742:start:download            : host-bison
1764003323.728825416:end  :download            : host-bison
1764003323.740984981:start:extract             : host-bison
1764003323.919470790:end  :extract             : host-bison
1764003323.932584496:start:patch               : host-bison
1764003323.969205650:end  :patch               : host-bison
1764003323.985276745:start:configure           : host-bison
1764003345.500906803:end  :configure           : host-bison
1764003345.514128851:start:build               : host-bison
1764003357.634933625:end  :build               : host-bison
1764003357.648474774:start:install-host        : host-bison
1764003358.126752922:end  :install-host        : host-bison
1764003358.209014932:start:download            : host-gawk
1764003358.300664366:end  :download            : host-gawk
1764003358.315616652:start:extract             : host-gawk
1764003358.525715125:end  :extract             : host-gawk
1764003358.537952028:start:patch               : host-gawk
1764003358.593717047:end  :patch               : host-gawk
1764003358.607837800:start:configure           : host-gawk
1764003367.678308426:end  :configure           : host-gawk
1764003367.692055746:start:build               : host-gawk
1764003371.054093573:end  :build               : host-gawk
1764003371.066847340:start:install-host        : host-gawk
1764003371.722911312:end  :install-host        : host-gawk
1764003371.826453548:start:download            : host-binutils
1764003371.906785424:end  :download            : host-binutils
1764003371.919422186:start:extract             : host-binutils
1764003373.800586632:end  :extract             : host-binutils
1764003373.814829483:start:patch               : host-binutils
1764003373.997125510:end  :patch               : host-binutils
1764003374.012072464:start:configure           : host-binutils
1764003375.753870796:end  :configure           : host-binutils
1764003375.764900969:start:build               : host-binutils
1764003403.972812771:end  :build               : host-binutils
1764003403.985785422:start:install-host        : host-binutils
1764003404.650967155:end  :install-host        : host-binutils
1764003404.836971130:start:download            : host-gmp
1764003404.882008899:end  :download            : host-gmp
1764003404.894307612:start:extract             : host-gmp
1764003405.037362324:end  :extract             : host-gmp
1764003405.050101639:start:patch               : host-gmp
1764003405.110520967:end  :patch               : host-gmp
1764003405.124930954:start:configure           : host-gmp
1764003418.123788654:end  :configure           : host-gmp
1764003418.136053578:start:build               : host-gmp
1764003424.925421503:end  :build               : host-gmp
1764003424.938761527:start:install-host        : host-gmp
1764003425.176714102:end  :install-host        : host-gmp
1764003425.343948159:start:download            : host-mpfr
1764003425.375613910:end  :download            : host-mpfr
1764003425.389323706:start:extract             : host-mpfr
1764003425.474547474:end  :extract             : host-mpfr
1764003425.487874785:start:patch               : host-mpfr
1764003425.525601338:end  :patch               : host-mpfr
1764003425.540121266:start:configure           : host-mpfr
1764003431.200330567:end  :configure           : host-mpfr
1764003431.212516116:start:build               : host-mpfr
1764003434.863929718:end  :build               : host-mpfr
1764003434.877330741:start:install-host        : host-mpfr
1764003435.033838328:end  :install-host        : host-mpfr
1764003435.196345476:start:download            : host-mpc
1764003435.216653358:end  :download            : host-mpc
1764003435.229674152:start:extract             : host-mpc
1764003435.260306500:end  :extract             : host-mpc
1764003435.273008536:start:patch               : host-mpc
1764003435.308296312:end  :patch               : host-mpc
1764003435.322981663:start:configure           : host-mpc
1764003438.304801719:end  :configure           : host-mpc
1764003438.316966370:start:build               : host-mpc
1764003439.178551897:end  :build               : host-mpc
1764003439.190197983:start:install-host        : host-mpc
1764003439.318434773:end  :install-host        : host-mpc
1764003439.481101746:start:download            : host-gcc-initial
1764003439.690155971:end  :download            : host-gcc-initial
1764003439.703060838:start:extract             : host-gcc-initial
1764003446.169492877:end  :extract             : host-gcc-initial
1764003446.183056951:start:patch               : host-gcc-initial
1764003447.140530800:end  :patch               : host-gcc-initial
1764003447.155121097:start:configure           : host-gcc-initial
1764003449.302948213:end  :configure           : host-gcc-initial
1764003449.314883557:start:build               : host-gcc-initial
1764003580.663419512:end  :build               : host-gcc-initial
1764003580.675847995:start:install-host        : host-gcc-initial
1764003584.349712973:end  :install-host        : host-gcc-initial
1764003584.585084239:start:download            : linux-headers
1764003584.601873081:end  :download            : linux-headers
1764003584.615276198:start:extract             : linux-headers
1764003589.883248893:end  :extract             : linux-headers
1764003589.896594818:start:patch               : linux-headers
1764003590.115114837:end  :patch               : linux-headers
1764003590.127866549:start:configure           : linux-headers
1764003599.114022827:end  :configure           : linux-headers
1764003599.128370150:start:build               : linux-headers
1764003599.131947025:end  :build               : linux-headers
1764003599.145986036:start:install-staging     : linux-headers
1764003599.729293421:end  :install-staging     : linux-headers
1764003599.742369232:start:install-target      : linux-headers
1764003599.748760265:end  :install-target      : linux-headers
1764003599.826714656:start:download            : glibc
1764003599.987625950:end  :download            : glibc
1764003600.000100044:start:extract             : glibc
1764003601.147463242:end  :extract             : glibc
1764003601.159522286:start:patch               : glibc
1764003601.304518142:end  :patch               : glibc
1764003601.317926994:start:configure           : glibc
1764003603.005230351:end  :configure           : glibc
1764003603.017572673:start:build               : glibc
1764003688.474987047:end  :build               : glibc
1764003688.487346909:start:install-staging     : glibc
1764003707.486683104:end  :install-staging     : glibc
1764003707.501243006:start:install-target      : glibc
1764003707.701809194:end  :install-target      : glibc
1764003707.820417712:start:download            : host-gcc-final
1764003708.001909694:end  :download            : host-gcc-final
1764003708.015274671:start:extract             : host-gcc-final
1764003714.425587056:end  :extract             : host-gcc-final
1764003714.437795941:start:patch               : host-gcc-final
1764003715.396476243:end  :patch               : host-gcc-final
1764003715.411927722:start:configure           : host-gcc-final
1764003717.389291732:end  :configure           : host-gcc-final
1764003717.400227405:start:build               : host-gcc-final
1764003930.659285075:end  :build               : host-gcc-final
1764003930.672591095:start:install-host        : host-gcc-final
1764003934.121233011:end  :install-host        : host-gcc-final
1764003934.422252923:start:download            : toolchain-buildroot
1764003934.427137777:end  :download            : toolchain-buildroot
1764003934.440411568:start:extract             : toolchain-buildroot
1764003934.447623554:end  :extract             : toolchain-buildroot
1764003934.460529307:start:patch               : toolchain-buildroot
1764003934.474336616:end  :patch               : toolchain-buildroot
1764003934.487007611:start:configure           : toolchain-buildroot
1764003934.526903814:end  :configure           : toolchain-buildroot
1764003934.540011946:start:build               : toolchain-buildroot
1764003934.543796563:end  :build               : toolchain-buildroot
1764003934.556831558:start:install-target      : toolchain-buildroot
1764003934.564227648:end  :install-target      : toolchain-buildroot
1764003934.654010337:start:download            : toolchain
1764003934.659953731:end  :download            : toolchain
1764003934.672157060:start:extract             : toolchain
1764003934.680389906:end  :extract             : toolchain
1764003934.692129538:start:patch               : toolchain
1764003934.708876925:end  :patch               : toolchain
1764003934.721015183:start:configure           : toolchain
1764003934.761146917:end  :configure           : toolchain
1764003934.772378910:start:build               : toolchain
1764003934.776569086:end  :build               : toolchain
1764003934.788741528:start:install-staging     : toolchain
1764003934.811419284:end  :install-staging     : toolchain
1764003934.826467373:start:install-target      : toolchain
1764003934.834997915:end  :install-target      : toolchain
1764003948.304344454:start:download            : host-attr
1764003948.325646282:end  :download            : host-attr
1764003948.337785304:start:extract             : host-attr
1764003948.365208541:end  :extract             : host-attr
1764003948.377812122:start:patch               : host-attr
1764003948.417894784:end  :patch               : host-attr
1764003948.431143201:start:configure           : host-attr
1764003951.014127280:end  :configure           : host-attr
1764003951.027172928:start:build               : host-attr
1764003951.494238011:end  :build               : host-attr
1764003951.505785007:start:install-host        : host-attr
1764003951.605597420:end  :install-host        : host-attr
1764003951.878824630:start:download            : host-acl
1764003951.903780864:end  :download            : host-acl
1764003951.915187527:start:extract             : host-acl
1764003951.945206790:end  :extract             : host-acl
1764003951.957099392:start:patch               : host-acl
1764003952.002808018:end  :patch               : host-acl
1764003952.015931012:start:configure           : host-acl
1764003954.564867518:end  :configure           : host-acl
1764003954.575853956:start:build               : host-acl
1764003955.675720153:end  :build               : host-acl
1764003955.688407422:start:install-host        : host-acl
1764003955.795680756:end  :install-host        : host-acl
1764003956.101523626:start:download            : host-fakeroot
1764003956.127325013:end  :download            : host-fakeroot
1764003956.139186318:start:extract             : host-fakeroot
1764003956.162257157:end  :extract             : host-fakeroot
1764003956.174215634:start:patch               : host-fakeroot
1764003956.212935081:end  :patch               : host-fakeroot
1764003956.226087440:start:configure           : host-fakeroot
1764003962.552756690:end  :configure           : host-fakeroot
1764003962.565099767:start:build               : host-fakeroot
1764003963.006279646:end  :build               : host-fakeroot
1764003963.018208559:start:install-host        : host-fakeroot
1764003963.255528760:end  :install-host        : host-fakeroot
1764003963.563118786:start:download            : host-makedevs
1764003963.568395205:end  :download            : host-makedevs
1764003963.580543468:start:extract             : host-makedevs
1764003963.595464056:end  :extract             : host-makedevs
1764003963.607176433:start:patch               : host-makedevs
1764003963.620539578:end  :patch               : host-makedevs
1764003963.635532751:start:configure           : host-makedevs
1764003963.673760374:end  :configure           : host-makedevs
1764003963.685712509:start:build               : host-makedevs
1764003963.810666978:end  :build               : host-makedevs
1764003963.823585762:start:install-host        : host-makedevs
1764003963.831361075:end  :install-host        : host-makedevs
1764003964.132835805:start:download            : host-libtool
1764003964.158936004:end  :download            : host-libtool
1764003964.171422028:start:extract             : host-libtool
1764003964.235156450:end  :extract             : host-libtool
1764003964.247753683:start:patch               : host-libtool
1764003964.272252066:end  :patch               : host-libtool
1764003964.286662139:start:configure           : host-libtool
1764003969.729898768:end  :configure           : host-libtool
1764003969.743174250:start:build               : host-libtool
1764003971.129383448:end  :build               : host-libtool
1764003971.141548964:start:install-host        : host-libtool
1764003971.507485439:end  :install-host        : host-libtool
1764003971.802564641:start:download            : host-autoconf
1764003971.828371253:end  :download            : host-autoconf
1764003971.841036835:start:extract             : host-autoconf
1764003971.911217031:end  :extract             : host-autoconf
1764003971.923928198:start:patch               : host-autoconf
1764003971.962316726:end  :patch               : host-autoconf
1764003971.975585626:start:configure           : host-autoconf
1764003973.300150733:end  :configure           : host-autoconf
1764003973.311261697:start:build               : host-autoconf
1764003973.490847808:end  :build               : host-autoconf
1764003973.504049984:start:install-host        : host-autoconf
1764003973.626932486:end  :install-host        : host-autoconf
1764003973.935574117:start:download            : host-automake
1764003973.964966938:end  :download            : host-automake
1764003973.977971544:start:extract             : host-automake
1764003974.094770037:end  :extract             : host-automake
1764003974.106713920:start:patch               : host-automake
1764003974.151854740:end  :patch               : host-automake
1764003974.166382345:start:configure           : host-automake
1764003975.758545849:end  :configure           : host-automake
1764003975.770714753:start:build               : host-automake
1764003975.874911976:end  :build               : host-automake
1764003975.886624225:start:install-host        : host-automake
1764003976.034879283:end  :install-host        : host-automake
1764003976.351560387:start:download            : autossh
1764003976.378213876:end  :download            : autossh
1764003976.389801311:start:extract             : autossh
1764003976.401314969:end  :extract             : autossh
1764003976.413458926:start:patch               : autossh
1764003976.431738791:end  :patch               : autossh
1764003976.450031610:start:configure           : autossh
1764003980.560956044:end  :configure           : autossh
1764003980.573458893:start:build               : autossh
1764003980.781900453:end  :build               : autossh
1764003980.793999166:start:install-target      : autossh
1764003980.814869758:end  :install-target      : autossh
1764003980.904994744:start:download            : busybox
1764003980.935277774:end  :download            : busybox
1764003980.947142540:start:extract             : busybox
1764003981.292397569:end  :extract             : busybox
1764003981.305095744:start:patch               : busybox
1764003981.366728220:end  :patch               : busybox
1764003987.515764994:start:configure           : busybox
1764003987.553640021:end  :configure           : busybox
1764003987.566879910:start:build               : busybox
1764003996.134524804:end  :build               : busybox
1764003996.147748264:start:install-target      : busybox
1764003998.395511449:end  :install-target      : busybox
1764003998.512664817:start:download            : dropbear
1764003998.543573746:end  :download            : dropbear
1764003998.558971244:start:extract             : dropbear
1764003998.803489895:end  :extract             : dropbear
1764003998.815146353:start:patch               : dropbear
1764003998.849789579:end  :patch               : dropbear
1764003998.865226030:start:configure           : dropbear
1764004004.077738547:end  :configure           : dropbear
1764004004.091488153:start:build               : dropbear
1764004007.711988485:end  :build               : dropbear
1764004007.725798464:start:install-target      : dropbear
1764004007.745401243:end  :install-target      : dropbear
1764004007.847618267:start:download            : initscripts
1764004007.854477552:end  :download            : initscripts
1764004007.866501309:start:extract             : initscripts
1764004007.874081462:end  :extract             : initscripts
1764004007.886110529:start:patch               : initscripts
1764004007.899899219:end  :patch               : initscripts
1764004007.912404817:start:configure           : initscripts
1764004007.950512479:end  :configure           : initscripts
1764004007.963105462:start:build               : initscripts
1764004007.966690409:end  :build               : initscripts
1764004007.979691856:start:install-target      : initscripts
1764004007.989007416:end  :install-target      : initscripts
1764004008.087215020:start:download            : host-pkgconf
1764004008.108314008:end  :download            : host-pkgconf
1764004008.119801963:start:extract             : host-pkgconf
1764004008.148006005:end  :extract             : host-pkgconf
1764004008.161203328:start:patch               : host-pkgconf
1764004008.211698589:end  :patch               : host-pkgconf
1764004008.227215182:start:configure           : host-pkgconf
1764004010.961124182:end  :configure           : host-pkgconf
1764004010.974385385:start:build               : host-pkgconf
1764004011.906869444:end  :build               : host-pkgconf
1764004011.919191349:start:install-host        : host-pkgconf
1764004012.007889374:end  :install-host        : host-pkgconf
1764004012.342925120:start:download            : host-kmod
1764004012.367209520:end  :download            : host-kmod
1764004012.378655256:start:extract             : host-kmod
1764004012.438493832:end  :extract             : host-kmod
1764004012.451365216:start:patch               : host-kmod
1764004012.500176719:end  :patch               : host-kmod
1764004012.514298963:start:configure           : host-kmod
1764004017.300954307:end  :configure           : host-kmod
1764004017.313135831:start:build               : host-kmod
1764004018.172153915:end  :build               : host-kmod
1764004018.185328427:start:install-host        : host-kmod
1764004018.351915927:end  :install-host        : host-kmod
1764004018.679104265:start:download            : host-mkpasswd
1764004018.683932440:end  :download            : host-mkpasswd
1764004018.696140092:start:extract             : host-mkpasswd
1764004018.755847377:end  :extract             : host-mkpasswd
1764004018.768471450:start:patch               : host-mkpasswd
1764004018.782575331:end  :patch               : host-mkpasswd
1764004018.796077136:start:configure           : host-mkpasswd
1764004018.834531802:end  :configure           : host-mkpasswd
1764004018.847626065:start:build               : host-mkpasswd
1764004018.966341045:end  :build               : host-mkpasswd
1764004018.982296301:start:install-host        : host-mkpasswd
1764004018.991309496:end  :install-host        : host-mkpasswd
1764004019.333625034:start:download            : host-patchelf
1764004019.360587527:end  :download            : host-patchelf
1764004019.373022927:start:extract             : host-patchelf
1764004019.404473548:end  :extract             : host-patchelf
1764004019.416646566:start:patch               : host-patchelf
1764004019.468781662:end  :patch               : host-patchelf
1764004019.483126455:start:configure           : host-patchelf
1764004020.833514251:end  :configure           : host-patchelf
1764004020.845440527:start:build               : host-patchelf
1764004023.439206856:end  :build               : host-patchelf
1764004023.453470377:start:install-host        : host-patchelf
1764004023.496186591:end  :install-host        : host-patchelf
1764004023.856741848:start:configure           : linux
1764004023.897764913:end  :configure           : linux
1764004023.909635747:start:build               : linux
1764004070.981634031:end  :build               : linux
1764004070.993950154:start:install-target      : linux
1764004072.239017854:end  :install-target      : linux
1764004072.253320006:start:install-image       : linux
1764004072.305357611:end  :install-image       : linux
