This file contains any messages produced by compilers while
running configure, to aid debugging if configure makes a mistake.

It was created by libvega configure 1.0, which was
generated by GNU Autoconf 2.71.  Invocation command line was

  $ ./configure --host=riscv32-vega-elf 'CFLAGS=-march=rv32ima_zicsr -mabi=ilp32 -mcmodel=medany'

## --------- ##
## Platform. ##
## --------- ##

hostname = joelphilip-LOQ
uname -m = x86_64
uname -r = 6.8.0-87-generic
uname -s = Linux
uname -v = #88~22.04.1-Ubuntu SMP PREEMPT_DYNAMIC Tue Oct 14 14:03:14 UTC 2

/usr/bin/uname -p = x86_64
/bin/uname -X     = unknown

/bin/arch              = x86_64
/usr/bin/arch -k       = unknown
/usr/convex/getsysinfo = unknown
/usr/bin/hostinfo      = unknown
/bin/machine           = unknown
/usr/bin/oslevel       = unknown
/bin/universe          = unknown

PATH: /home/joelphilip/Documents/C2S/Trisul32/vega-tools/toolchain/bin)/
PATH: /tools/Xilinx/Vitis_HLS/2023.2/bin/
PATH: /tools/Xilinx/Model_Composer/2023.2/bin/
PATH: /tools/Xilinx/Vivado/2023.2/bin/
PATH: /tools/Xilinx/DocNav/
PATH: /usr/lib/ccache/
PATH: /home/joelphilip/ardupilot/Tools/autotest/
PATH: /opt/gcc-arm-none-eabi-10-2020-q4-major/bin/
PATH: /home/joelphilip/.local/bin/
PATH: /home/joelphilip/bin/
PATH: /usr/local/sbin/
PATH: /usr/local/bin/
PATH: /usr/sbin/
PATH: /usr/bin/
PATH: /sbin/
PATH: /bin/
PATH: /usr/games/
PATH: /usr/local/games/
PATH: /snap/bin/
PATH: /snap/bin/
PATH: /opt/xtensa-esp-elf/bin/
PATH: /home/joelphilip/Documents/C2S/Trisul32/vega-tools/toolchain/bin/


## ----------- ##
## Core tests. ##
## ----------- ##

configure:2113: looking for aux files: ar-lib compile missing install-sh
configure:2126:  trying ./
configure:2155:   ./ar-lib found
configure:2155:   ./compile found
configure:2155:   ./missing found
configure:2137:   ./install-sh found
configure:2284: checking for a BSD-compatible install
configure:2357: result: /usr/bin/install -c
configure:2368: checking whether build environment is sane
configure:2423: result: yes
configure:2479: checking for riscv32-vega-elf-strip
configure:2500: found /home/joelphilip/Documents/C2S/Trisul32/vega-tools/toolchain/bin/riscv32-vega-elf-strip
configure:2511: result: riscv32-vega-elf-strip
configure:2582: checking for a race-free mkdir -p
configure:2626: result: /usr/bin/mkdir -p
configure:2633: checking for gawk
configure:2654: found /usr/bin/gawk
configure:2665: result: gawk
configure:2676: checking whether make sets $(MAKE)
configure:2699: result: yes
configure:2729: checking whether make supports nested variables
configure:2747: result: yes
configure:2900: checking for riscv32-vega-elf-gcc
configure:2921: found /home/joelphilip/Documents/C2S/Trisul32/vega-tools/toolchain/bin/riscv32-vega-elf-gcc
configure:2932: result: riscv32-vega-elf-gcc
configure:3330: checking for C compiler version
configure:3339: riscv32-vega-elf-gcc --version >&5
riscv32-vega-elf-gcc (g04696df09) 14.2.0
Copyright (C) 2024 Free Software Foundation, Inc.
This is free software; see the source for copying conditions.  There is NO
warranty; not even for MERCHANTABILITY or FITNESS FOR A PARTICULAR PURPOSE.

configure:3350: $? = 0
configure:3339: riscv32-vega-elf-gcc -v >&5
Using built-in specs.
COLLECT_GCC=riscv32-vega-elf-gcc
COLLECT_LTO_WRAPPER=/home/joelphilip/Documents/C2S/Trisul32/vega-tools/toolchain/bin/../libexec/gcc/riscv32-vega-elf/14.2.0/lto-wrapper
Target: riscv32-vega-elf
Configured with: /opt/riscv-gnu-toolchain/gcc/configure --target=riscv32-vega-elf --prefix=/opt/rv32ima --disable-shared --disable-threads --enable-languages=c,c++ --with-pkgversion=g04696df09 --with-system-zlib --enable-tls --with-newlib --with-sysroot=/opt/rv32ima/riscv32-vega-elf --with-native-system-header-dir=/include --disable-libmudflap --disable-libssp --disable-libquadmath --disable-libgomp --disable-nls --disable-tm-clone-registry --src=.././gcc --disable-multilib --with-abi=ilp32 --with-arch=rv32ima_zicsr --with-tune=rocket --with-isa-spec=20191213 'CFLAGS_FOR_TARGET=-Os    -mcmodel=medlow' 'CXXFLAGS_FOR_TARGET=-Os    -mcmodel=medlow'
Thread model: single
Supported LTO compression algorithms: zlib
gcc version 14.2.0 (g04696df09) 
configure:3350: $? = 0
configure:3339: riscv32-vega-elf-gcc -V >&5
riscv32-vega-elf-gcc: error: unrecognized command-line option '-V'
riscv32-vega-elf-gcc: fatal error: no input files
compilation terminated.
configure:3350: $? = 1
configure:3339: riscv32-vega-elf-gcc -qversion >&5
riscv32-vega-elf-gcc: error: unrecognized command-line option '-qversion'; did you mean '--version'?
riscv32-vega-elf-gcc: fatal error: no input files
compilation terminated.
configure:3350: $? = 1
configure:3339: riscv32-vega-elf-gcc -version >&5
riscv32-vega-elf-gcc: error: unrecognized command-line option '-version'
riscv32-vega-elf-gcc: fatal error: no input files
compilation terminated.
configure:3350: $? = 1
configure:3370: checking whether the C compiler works
configure:3392: riscv32-vega-elf-gcc -march=rv32ima_zicsr -mabi=ilp32 -mcmodel=medany   conftest.c  >&5
configure:3396: $? = 0
configure:3446: result: yes
configure:3449: checking for C compiler default output file name
configure:3451: result: a.out
configure:3457: checking for suffix of executables
configure:3464: riscv32-vega-elf-gcc -o conftest -march=rv32ima_zicsr -mabi=ilp32 -mcmodel=medany   conftest.c  >&5
configure:3468: $? = 0
configure:3491: result: 
configure:3513: checking whether we are cross compiling
configure:3521: riscv32-vega-elf-gcc -o conftest -march=rv32ima_zicsr -mabi=ilp32 -mcmodel=medany   conftest.c  >&5
configure:3525: $? = 0
configure:3532: ./conftest
./configure: line 3534: ./conftest: cannot execute binary file: Exec format error
configure:3536: $? = 126
configure:3551: result: yes
configure:3556: checking for suffix of object files
configure:3579: riscv32-vega-elf-gcc -c -march=rv32ima_zicsr -mabi=ilp32 -mcmodel=medany  conftest.c >&5
configure:3583: $? = 0
configure:3605: result: o
configure:3609: checking whether the compiler supports GNU C
configure:3629: riscv32-vega-elf-gcc -c -march=rv32ima_zicsr -mabi=ilp32 -mcmodel=medany  conftest.c >&5
configure:3629: $? = 0
configure:3639: result: yes
configure:3650: checking whether riscv32-vega-elf-gcc accepts -g
configure:3671: riscv32-vega-elf-gcc -c -g  conftest.c >&5
configure:3671: $? = 0
configure:3715: result: yes
configure:3735: checking for riscv32-vega-elf-gcc option to enable C11 features
configure:3750: riscv32-vega-elf-gcc  -c -march=rv32ima_zicsr -mabi=ilp32 -mcmodel=medany  conftest.c >&5
configure:3750: $? = 0
configure:3768: result: none needed
configure:3884: checking whether riscv32-vega-elf-gcc understands -c and -o together
configure:3907: riscv32-vega-elf-gcc -c conftest.c -o conftest2.o
configure:3910: $? = 0
configure:3907: riscv32-vega-elf-gcc -c conftest.c -o conftest2.o
configure:3910: $? = 0
configure:3922: result: yes
configure:3942: checking whether make supports the include directive
configure:3957: make -f confmf.GNU && cat confinc.out
make[1]: Entering directory '/home/joelphilip/Documents/C2S/Trisul32/vega-sdk/bsp'
make[1]: Leaving directory '/home/joelphilip/Documents/C2S/Trisul32/vega-sdk/bsp'
this is the am__doit target
configure:3960: $? = 0
configure:3979: result: yes (GNU style)
configure:4005: checking dependency style of riscv32-vega-elf-gcc
configure:4117: result: gcc3
configure:4136: checking for riscv32-vega-elf-ranlib
configure:4157: found /home/joelphilip/Documents/C2S/Trisul32/vega-tools/toolchain/bin/riscv32-vega-elf-ranlib
configure:4168: result: riscv32-vega-elf-ranlib
configure:4242: checking for riscv32-vega-elf-ar
configure:4263: found /home/joelphilip/Documents/C2S/Trisul32/vega-tools/toolchain/bin/riscv32-vega-elf-ar
configure:4274: result: riscv32-vega-elf-ar
configure:4349: checking the archiver (riscv32-vega-elf-ar) interface
configure:4366: riscv32-vega-elf-gcc -c -march=rv32ima_zicsr -mabi=ilp32 -mcmodel=medany  conftest.c >&5
configure:4366: $? = 0
configure:4369: riscv32-vega-elf-ar cru libconftest.a conftest.o >&5
configure:4372: $? = 0
configure:4400: result: ar
configure:4429: checking dependency style of riscv32-vega-elf-gcc
configure:4539: result: gcc3
configure:4713: checking that generated files are newer than configure
configure:4719: result: done
configure:4750: creating ./config.status

## ---------------------- ##
## Running config.status. ##
## ---------------------- ##

This file was extended by libvega config.status 1.0, which was
generated by GNU Autoconf 2.71.  Invocation command line was

  CONFIG_FILES    = 
  CONFIG_HEADERS  = 
  CONFIG_LINKS    = 
  CONFIG_COMMANDS = 
  $ ./config.status 

on joelphilip-LOQ

config.status:779: creating Makefile
config.status:951: executing depfiles commands
config.status:1028: cd .       && sed -e '/# am--include-marker/d' Makefile         | make -f - am--depfiles
make[1]: Entering directory '/home/joelphilip/Documents/C2S/Trisul32/vega-sdk/bsp'
make[1]: Nothing to be done for 'am--depfiles'.
make[1]: Leaving directory '/home/joelphilip/Documents/C2S/Trisul32/vega-sdk/bsp'
config.status:1033: $? = 0

## ---------------- ##
## Cache variables. ##
## ---------------- ##

ac_cv_c_compiler_gnu=yes
ac_cv_env_CCASFLAGS_set=
ac_cv_env_CCASFLAGS_value=
ac_cv_env_CCAS_set=
ac_cv_env_CCAS_value=
ac_cv_env_CC_set=
ac_cv_env_CC_value=
ac_cv_env_CFLAGS_set=set
ac_cv_env_CFLAGS_value='-march=rv32ima_zicsr -mabi=ilp32 -mcmodel=medany'
ac_cv_env_CPPFLAGS_set=
ac_cv_env_CPPFLAGS_value=
ac_cv_env_LDFLAGS_set=
ac_cv_env_LDFLAGS_value=
ac_cv_env_LIBS_set=
ac_cv_env_LIBS_value=
ac_cv_env_build_alias_set=
ac_cv_env_build_alias_value=
ac_cv_env_host_alias_set=set
ac_cv_env_host_alias_value=riscv32-vega-elf
ac_cv_env_target_alias_set=
ac_cv_env_target_alias_value=
ac_cv_objext=o
ac_cv_path_install='/usr/bin/install -c'
ac_cv_path_mkdir=/usr/bin/mkdir
ac_cv_prog_AR=riscv32-vega-elf-ar
ac_cv_prog_AWK=gawk
ac_cv_prog_CC=riscv32-vega-elf-gcc
ac_cv_prog_RANLIB=riscv32-vega-elf-ranlib
ac_cv_prog_STRIP=riscv32-vega-elf-strip
ac_cv_prog_cc_c11=
ac_cv_prog_cc_g=yes
ac_cv_prog_cc_stdc=
ac_cv_prog_make_make_set=yes
am_cv_CCAS_dependencies_compiler_type=gcc3
am_cv_CC_dependencies_compiler_type=gcc3
am_cv_ar_interface=ar
am_cv_make_support_nested_variables=yes
am_cv_prog_cc_c_o=yes

## ----------------- ##
## Output variables. ##
## ----------------- ##

ACLOCAL='${SHELL} '\''/home/joelphilip/Documents/C2S/Trisul32/vega-sdk/bsp/missing'\'' aclocal-1.16'
AMDEPBACKSLASH='\'
AMDEP_FALSE='#'
AMDEP_TRUE=''
AMTAR='$${TAR-tar}'
AM_BACKSLASH='\'
AM_DEFAULT_V='$(AM_DEFAULT_VERBOSITY)'
AM_DEFAULT_VERBOSITY='1'
AM_V='$(V)'
AR='riscv32-vega-elf-ar'
AUTOCONF='${SHELL} '\''/home/joelphilip/Documents/C2S/Trisul32/vega-sdk/bsp/missing'\'' autoconf'
AUTOHEADER='${SHELL} '\''/home/joelphilip/Documents/C2S/Trisul32/vega-sdk/bsp/missing'\'' autoheader'
AUTOMAKE='${SHELL} '\''/home/joelphilip/Documents/C2S/Trisul32/vega-sdk/bsp/missing'\'' automake-1.16'
AWK='gawk'
CC='riscv32-vega-elf-gcc'
CCAS='riscv32-vega-elf-gcc'
CCASDEPMODE='depmode=gcc3'
CCASFLAGS='-march=rv32ima_zicsr -mabi=ilp32 -mcmodel=medany'
CCDEPMODE='depmode=gcc3'
CFLAGS='-march=rv32ima_zicsr -mabi=ilp32 -mcmodel=medany'
CPPFLAGS=''
CSCOPE='cscope'
CTAGS='ctags'
CYGPATH_W='echo'
DEBUG_FALSE=''
DEBUG_TRUE='#'
DEFS='-DPACKAGE_NAME=\"libvega\" -DPACKAGE_TARNAME=\"libvega\" -DPACKAGE_VERSION=\"1.0\" -DPACKAGE_STRING=\"libvega\ 1.0\" -DPACKAGE_BUGREPORT=\"premjith@cdac.in\" -DPACKAGE_URL=\"\" -DPACKAGE=\"libvega\" -DVERSION=\"1.0\"'
DEPDIR='.deps'
ECHO_C=''
ECHO_N='-n'
ECHO_T=''
ETAGS='etags'
EXEEXT=''
INSTALL_DATA='${INSTALL} -m 644'
INSTALL_PROGRAM='${INSTALL}'
INSTALL_SCRIPT='${INSTALL}'
INSTALL_STRIP_PROGRAM='$(install_sh) -c -s'
LDFLAGS=''
LIBOBJS=''
LIBS=''
LTLIBOBJS=''
MAKEINFO='${SHELL} '\''/home/joelphilip/Documents/C2S/Trisul32/vega-sdk/bsp/missing'\'' makeinfo'
MKDIR_P='/usr/bin/mkdir -p'
OBJEXT='o'
PACKAGE='libvega'
PACKAGE_BUGREPORT='premjith@cdac.in'
PACKAGE_NAME='libvega'
PACKAGE_STRING='libvega 1.0'
PACKAGE_TARNAME='libvega'
PACKAGE_URL=''
PACKAGE_VERSION='1.0'
PATH_SEPARATOR=':'
RANLIB='riscv32-vega-elf-ranlib'
SET_MAKE=''
SHELL='/bin/bash'
STRIP='riscv32-vega-elf-strip'
VERSION='1.0'
ac_ct_AR=''
ac_ct_CC=''
am__EXEEXT_FALSE=''
am__EXEEXT_TRUE='#'
am__fastdepCCAS_FALSE='#'
am__fastdepCCAS_TRUE=''
am__fastdepCC_FALSE='#'
am__fastdepCC_TRUE=''
am__include='include'
am__isrc=''
am__leading_dot='.'
am__nodep='_no'
am__quote=''
am__tar='$${TAR-tar} chof - "$$tardir"'
am__untar='$${TAR-tar} xf -'
bindir='${exec_prefix}/bin'
build_alias=''
datadir='${datarootdir}'
datarootdir='${prefix}/share'
docdir='${datarootdir}/doc/${PACKAGE_TARNAME}'
dvidir='${docdir}'
exec_prefix='${prefix}'
host_alias='riscv32-vega-elf'
htmldir='${docdir}'
includedir='${prefix}/include'
infodir='${datarootdir}/info'
install_sh='${SHELL} /home/joelphilip/Documents/C2S/Trisul32/vega-sdk/bsp/install-sh'
libdir='${exec_prefix}/lib'
libexecdir='${exec_prefix}/libexec'
localedir='${datarootdir}/locale'
localstatedir='${prefix}/var'
mandir='${datarootdir}/man'
mkdir_p='$(MKDIR_P)'
oldincludedir='/usr/include'
pdfdir='${docdir}'
prefix='/usr/local'
program_transform_name='s,x,x,'
psdir='${docdir}'
runstatedir='${localstatedir}/run'
sbindir='${exec_prefix}/sbin'
sharedstatedir='${prefix}/com'
sysconfdir='${prefix}/etc'
target_alias=''

## ----------- ##
## confdefs.h. ##
## ----------- ##

/* confdefs.h */
#define PACKAGE_NAME "libvega"
#define PACKAGE_TARNAME "libvega"
#define PACKAGE_VERSION "1.0"
#define PACKAGE_STRING "libvega 1.0"
#define PACKAGE_BUGREPORT "premjith@cdac.in"
#define PACKAGE_URL ""
#define PACKAGE "libvega"
#define VERSION "1.0"

configure: exit 0
