This file contains any messages produced by compilers while
running configure, to aid debugging if configure makes a mistake.

It was created by autossh configure 1.4, which was
generated by GNU Autoconf 2.71.  Invocation command line was

  $ ./configure --target=riscv32-buildroot-linux-gnu --host=riscv32-buildroot-linux-gnu --build=x86_64-pc-linux-gnu --prefix=/usr --exec-prefix=/usr --sysconfdir=/etc --localstatedir=/var --program-prefix= --disable-gtk-doc --disable-gtk-doc-html --disable-doc --disable-docs --disable-documentation --with-xmlto=no --with-fop=no --disable-dependency-tracking --enable-ipv6 --disable-nls --disable-static --enable-shared --with-ssh=/usr/bin/ssh

## --------- ##
## Platform. ##
## --------- ##

hostname = joelphilip-LOQ
uname -m = x86_64
uname -r = 6.8.0-87-generic
uname -s = Linux
uname -v = #88~22.04.1-Ubuntu SMP PREEMPT_DYNAMIC Tue Oct 14 14:03:14 UTC 2

/usr/bin/uname -p = x86_64
/bin/uname -X     = unknown

/bin/arch              = x86_64
/usr/bin/arch -k       = unknown
/usr/convex/getsysinfo = unknown
/usr/bin/hostinfo      = unknown
/bin/machine           = unknown
/usr/bin/oslevel       = unknown
/bin/universe          = unknown

PATH: /home/joelphilip/Documents/C2S/Trisul32/trisul32_buildroot-master/buildroot/output/host/bin/
PATH: /home/joelphilip/Documents/C2S/Trisul32/trisul32_buildroot-master/buildroot/output/host/sbin/
PATH: /usr/local/sbin/
PATH: /usr/local/bin/
PATH: /usr/sbin/
PATH: /usr/bin/
PATH: /sbin/
PATH: /bin/


## ----------- ##
## Core tests. ##
## ----------- ##

configure:2405: looking for aux files: config.guess config.sub
configure:2418:  trying ./
configure:2447:   ./config.guess found
configure:2447:   ./config.sub found
configure:2583: checking for riscv32-buildroot-linux-gnu-gcc
configure:2615: result: /home/joelphilip/Documents/C2S/Trisul32/trisul32_buildroot-master/buildroot/output/host/bin/riscv32-buildroot-linux-gnu-gcc
configure:3013: checking for C compiler version
configure:3022: /home/joelphilip/Documents/C2S/Trisul32/trisul32_buildroot-master/buildroot/output/host/bin/riscv32-buildroot-linux-gnu-gcc --version >&5
riscv32-buildroot-linux-gnu-gcc.br_real (Buildroot 2023.02.5) 11.4.0
Copyright (C) 2021 Free Software Foundation, Inc.
This is free software; see the source for copying conditions.  There is NO
warranty; not even for MERCHANTABILITY or FITNESS FOR A PARTICULAR PURPOSE.

configure:3033: $? = 0
configure:3022: /home/joelphilip/Documents/C2S/Trisul32/trisul32_buildroot-master/buildroot/output/host/bin/riscv32-buildroot-linux-gnu-gcc -v >&5
Using built-in specs.
COLLECT_GCC=/home/joelphilip/Documents/C2S/Trisul32/trisul32_buildroot-master/buildroot/output/host/bin/riscv32-buildroot-linux-gnu-gcc.br_real
COLLECT_LTO_WRAPPER=/home/joelphilip/Documents/C2S/Trisul32/trisul32_buildroot-master/buildroot/output/host/libexec/gcc/riscv32-buildroot-linux-gnu/11.4.0/lto-wrapper
Target: riscv32-buildroot-linux-gnu
Configured with: ./configure --prefix=/home/joelphilip/Documents/C2S/Trisul32/trisul32_buildroot-master/buildroot/output/host --sysconfdir=/home/joelphilip/Documents/C2S/Trisul32/trisul32_buildroot-master/buildroot/output/host/etc --enable-static --target=riscv32-buildroot-linux-gnu --with-sysroot=/home/joelphilip/Documents/C2S/Trisul32/trisul32_buildroot-master/buildroot/output/host/riscv32-buildroot-linux-gnu/sysroot --enable-__cxa_atexit --with-gnu-ld --disable-libssp --disable-multilib --disable-decimal-float --enable-plugins --enable-lto --with-gmp=/home/joelphilip/Documents/C2S/Trisul32/trisul32_buildroot-master/buildroot/output/host --with-mpc=/home/joelphilip/Documents/C2S/Trisul32/trisul32_buildroot-master/buildroot/output/host --with-mpfr=/home/joelphilip/Documents/C2S/Trisul32/trisul32_buildroot-master/buildroot/output/host --with-pkgversion='Buildroot 2023.02.5' --with-bugurl=http://bugs.buildroot.net/ --without-zstd --disable-libquadmath --disable-libquadmath-support --enable-tls --enable-threads --without-isl --without-cloog --with-arch=rv32ima --with-abi=ilp32 --enable-languages=c,c++,fortran --with-build-time-tools=/home/joelphilip/Documents/C2S/Trisul32/trisul32_buildroot-master/buildroot/output/host/riscv32-buildroot-linux-gnu/bin --enable-shared --disable-libgomp
Thread model: posix
Supported LTO compression algorithms: zlib
gcc version 11.4.0 (Buildroot 2023.02.5) 
COMPILER_PATH=/home/joelphilip/Documents/C2S/Trisul32/trisul32_buildroot-master/buildroot/output/host/libexec/gcc/riscv32-buildroot-linux-gnu/11.4.0/:/home/joelphilip/Documents/C2S/Trisul32/trisul32_buildroot-master/buildroot/output/host/libexec/gcc/riscv32-buildroot-linux-gnu/11.4.0/:/home/joelphilip/Documents/C2S/Trisul32/trisul32_buildroot-master/buildroot/output/host/libexec/gcc/riscv32-buildroot-linux-gnu/:/home/joelphilip/Documents/C2S/Trisul32/trisul32_buildroot-master/buildroot/output/host/lib/gcc/riscv32-buildroot-linux-gnu/11.4.0/:/home/joelphilip/Documents/C2S/Trisul32/trisul32_buildroot-master/buildroot/output/host/lib/gcc/riscv32-buildroot-linux-gnu/:/home/joelphilip/Documents/C2S/Trisul32/trisul32_buildroot-master/buildroot/output/host/lib/gcc/riscv32-buildroot-linux-gnu/11.4.0/../../../../riscv32-buildroot-linux-gnu/bin/
LIBRARY_PATH=/home/joelphilip/Documents/C2S/Trisul32/trisul32_buildroot-master/buildroot/output/host/lib/gcc/riscv32-buildroot-linux-gnu/11.4.0/:/home/joelphilip/Documents/C2S/Trisul32/trisul32_buildroot-master/buildroot/output/host/lib/gcc/riscv32-buildroot-linux-gnu/11.4.0/../../../../riscv32-buildroot-linux-gnu/lib/:/home/joelphilip/Documents/C2S/Trisul32/trisul32_buildroot-master/buildroot/output/host/riscv32-buildroot-linux-gnu/sysroot/lib/:/home/joelphilip/Documents/C2S/Trisul32/trisul32_buildroot-master/buildroot/output/host/riscv32-buildroot-linux-gnu/sysroot/usr/lib/
... rest of stderr output deleted ...
configure:3033: $? = 1
configure:3022: /home/joelphilip/Documents/C2S/Trisul32/trisul32_buildroot-master/buildroot/output/host/bin/riscv32-buildroot-linux-gnu-gcc -V >&5
riscv32-buildroot-linux-gnu-gcc.br_real: error: unrecognized command-line option '-V'
configure:3033: $? = 1
configure:3022: /home/joelphilip/Documents/C2S/Trisul32/trisul32_buildroot-master/buildroot/output/host/bin/riscv32-buildroot-linux-gnu-gcc -qversion >&5
riscv32-buildroot-linux-gnu-gcc.br_real: error: unrecognized command-line option '-qversion'; did you mean '--version'?
configure:3033: $? = 1
configure:3022: /home/joelphilip/Documents/C2S/Trisul32/trisul32_buildroot-master/buildroot/output/host/bin/riscv32-buildroot-linux-gnu-gcc -version >&5
riscv32-buildroot-linux-gnu-gcc.br_real: error: unrecognized command-line option '-version'
configure:3033: $? = 1
configure:3053: checking whether the C compiler works
configure:3075: /home/joelphilip/Documents/C2S/Trisul32/trisul32_buildroot-master/buildroot/output/host/bin/riscv32-buildroot-linux-gnu-gcc -D_LARGEFILE_SOURCE -D_LARGEFILE64_SOURCE -D_FILE_OFFSET_BITS=64  -Os -g0 -D_FORTIFY_SOURCE=1 -D_LARGEFILE_SOURCE -D_LARGEFILE64_SOURCE -D_FILE_OFFSET_BITS=64 -march=rv32ima -mabi=ilp32 conftest.c  >&5
configure:3079: $? = 0
configure:3129: result: yes
configure:3132: checking for C compiler default output file name
configure:3134: result: a.out
configure:3140: checking for suffix of executables
configure:3147: /home/joelphilip/Documents/C2S/Trisul32/trisul32_buildroot-master/buildroot/output/host/bin/riscv32-buildroot-linux-gnu-gcc -o conftest -D_LARGEFILE_SOURCE -D_LARGEFILE64_SOURCE -D_FILE_OFFSET_BITS=64  -Os -g0 -D_FORTIFY_SOURCE=1 -D_LARGEFILE_SOURCE -D_LARGEFILE64_SOURCE -D_FILE_OFFSET_BITS=64 -march=rv32ima -mabi=ilp32 conftest.c  >&5
configure:3151: $? = 0
configure:3174: result: 
configure:3196: checking whether we are cross compiling
configure:3234: result: yes
configure:3239: checking for suffix of object files
configure:3262: /home/joelphilip/Documents/C2S/Trisul32/trisul32_buildroot-master/buildroot/output/host/bin/riscv32-buildroot-linux-gnu-gcc -c -D_LARGEFILE_SOURCE -D_LARGEFILE64_SOURCE -D_FILE_OFFSET_BITS=64  -Os -g0 -D_FORTIFY_SOURCE=1 -D_LARGEFILE_SOURCE -D_LARGEFILE64_SOURCE -D_FILE_OFFSET_BITS=64 conftest.c >&5
configure:3266: $? = 0
configure:3288: result: o
configure:3292: checking whether the compiler supports GNU C
configure:3312: /home/joelphilip/Documents/C2S/Trisul32/trisul32_buildroot-master/buildroot/output/host/bin/riscv32-buildroot-linux-gnu-gcc -c -D_LARGEFILE_SOURCE -D_LARGEFILE64_SOURCE -D_FILE_OFFSET_BITS=64  -Os -g0 -D_FORTIFY_SOURCE=1 -D_LARGEFILE_SOURCE -D_LARGEFILE64_SOURCE -D_FILE_OFFSET_BITS=64 conftest.c >&5
configure:3312: $? = 0
configure:3322: result: yes
configure:3333: checking whether /home/joelphilip/Documents/C2S/Trisul32/trisul32_buildroot-master/buildroot/output/host/bin/riscv32-buildroot-linux-gnu-gcc accepts -g
configure:3354: /home/joelphilip/Documents/C2S/Trisul32/trisul32_buildroot-master/buildroot/output/host/bin/riscv32-buildroot-linux-gnu-gcc -c -g -D_LARGEFILE_SOURCE -D_LARGEFILE64_SOURCE -D_FILE_OFFSET_BITS=64 conftest.c >&5
configure:3354: $? = 0
configure:3398: result: yes
configure:3418: checking for /home/joelphilip/Documents/C2S/Trisul32/trisul32_buildroot-master/buildroot/output/host/bin/riscv32-buildroot-linux-gnu-gcc option to enable C11 features
configure:3433: /home/joelphilip/Documents/C2S/Trisul32/trisul32_buildroot-master/buildroot/output/host/bin/riscv32-buildroot-linux-gnu-gcc  -c -D_LARGEFILE_SOURCE -D_LARGEFILE64_SOURCE -D_FILE_OFFSET_BITS=64  -Os -g0 -D_FORTIFY_SOURCE=1 -D_LARGEFILE_SOURCE -D_LARGEFILE64_SOURCE -D_FILE_OFFSET_BITS=64 conftest.c >&5
configure:3433: $? = 0
configure:3451: result: none needed
configure:3638: checking for stdio.h
configure:3638: /home/joelphilip/Documents/C2S/Trisul32/trisul32_buildroot-master/buildroot/output/host/bin/riscv32-buildroot-linux-gnu-gcc -c -D_LARGEFILE_SOURCE -D_LARGEFILE64_SOURCE -D_FILE_OFFSET_BITS=64  -Os -g0 -D_FORTIFY_SOURCE=1 -Wall -D_LARGEFILE_SOURCE -D_LARGEFILE64_SOURCE -D_FILE_OFFSET_BITS=64 conftest.c >&5
configure:3638: $? = 0
configure:3638: result: yes
configure:3638: checking for stdlib.h
configure:3638: /home/joelphilip/Documents/C2S/Trisul32/trisul32_buildroot-master/buildroot/output/host/bin/riscv32-buildroot-linux-gnu-gcc -c -D_LARGEFILE_SOURCE -D_LARGEFILE64_SOURCE -D_FILE_OFFSET_BITS=64  -Os -g0 -D_FORTIFY_SOURCE=1 -Wall -D_LARGEFILE_SOURCE -D_LARGEFILE64_SOURCE -D_FILE_OFFSET_BITS=64 conftest.c >&5
configure:3638: $? = 0
configure:3638: result: yes
configure:3638: checking for string.h
configure:3638: /home/joelphilip/Documents/C2S/Trisul32/trisul32_buildroot-master/buildroot/output/host/bin/riscv32-buildroot-linux-gnu-gcc -c -D_LARGEFILE_SOURCE -D_LARGEFILE64_SOURCE -D_FILE_OFFSET_BITS=64  -Os -g0 -D_FORTIFY_SOURCE=1 -Wall -D_LARGEFILE_SOURCE -D_LARGEFILE64_SOURCE -D_FILE_OFFSET_BITS=64 conftest.c >&5
configure:3638: $? = 0
configure:3638: result: yes
configure:3638: checking for inttypes.h
configure:3638: /home/joelphilip/Documents/C2S/Trisul32/trisul32_buildroot-master/buildroot/output/host/bin/riscv32-buildroot-linux-gnu-gcc -c -D_LARGEFILE_SOURCE -D_LARGEFILE64_SOURCE -D_FILE_OFFSET_BITS=64  -Os -g0 -D_FORTIFY_SOURCE=1 -Wall -D_LARGEFILE_SOURCE -D_LARGEFILE64_SOURCE -D_FILE_OFFSET_BITS=64 conftest.c >&5
configure:3638: $? = 0
configure:3638: result: yes
configure:3638: checking for stdint.h
configure:3638: /home/joelphilip/Documents/C2S/Trisul32/trisul32_buildroot-master/buildroot/output/host/bin/riscv32-buildroot-linux-gnu-gcc -c -D_LARGEFILE_SOURCE -D_LARGEFILE64_SOURCE -D_FILE_OFFSET_BITS=64  -Os -g0 -D_FORTIFY_SOURCE=1 -Wall -D_LARGEFILE_SOURCE -D_LARGEFILE64_SOURCE -D_FILE_OFFSET_BITS=64 conftest.c >&5
configure:3638: $? = 0
configure:3638: result: yes
configure:3638: checking for strings.h
configure:3638: /home/joelphilip/Documents/C2S/Trisul32/trisul32_buildroot-master/buildroot/output/host/bin/riscv32-buildroot-linux-gnu-gcc -c -D_LARGEFILE_SOURCE -D_LARGEFILE64_SOURCE -D_FILE_OFFSET_BITS=64  -Os -g0 -D_FORTIFY_SOURCE=1 -Wall -D_LARGEFILE_SOURCE -D_LARGEFILE64_SOURCE -D_FILE_OFFSET_BITS=64 conftest.c >&5
configure:3638: $? = 0
configure:3638: result: yes
configure:3638: checking for sys/stat.h
configure:3638: /home/joelphilip/Documents/C2S/Trisul32/trisul32_buildroot-master/buildroot/output/host/bin/riscv32-buildroot-linux-gnu-gcc -c -D_LARGEFILE_SOURCE -D_LARGEFILE64_SOURCE -D_FILE_OFFSET_BITS=64  -Os -g0 -D_FORTIFY_SOURCE=1 -Wall -D_LARGEFILE_SOURCE -D_LARGEFILE64_SOURCE -D_FILE_OFFSET_BITS=64 conftest.c >&5
configure:3638: $? = 0
configure:3638: result: yes
configure:3638: checking for sys/types.h
configure:3638: /home/joelphilip/Documents/C2S/Trisul32/trisul32_buildroot-master/buildroot/output/host/bin/riscv32-buildroot-linux-gnu-gcc -c -D_LARGEFILE_SOURCE -D_LARGEFILE64_SOURCE -D_FILE_OFFSET_BITS=64  -Os -g0 -D_FORTIFY_SOURCE=1 -Wall -D_LARGEFILE_SOURCE -D_LARGEFILE64_SOURCE -D_FILE_OFFSET_BITS=64 conftest.c >&5
configure:3638: $? = 0
configure:3638: result: yes
configure:3638: checking for unistd.h
configure:3638: /home/joelphilip/Documents/C2S/Trisul32/trisul32_buildroot-master/buildroot/output/host/bin/riscv32-buildroot-linux-gnu-gcc -c -D_LARGEFILE_SOURCE -D_LARGEFILE64_SOURCE -D_FILE_OFFSET_BITS=64  -Os -g0 -D_FORTIFY_SOURCE=1 -Wall -D_LARGEFILE_SOURCE -D_LARGEFILE64_SOURCE -D_FILE_OFFSET_BITS=64 conftest.c >&5
configure:3638: $? = 0
configure:3638: result: yes
configure:3638: checking for sys/time.h
configure:3638: /home/joelphilip/Documents/C2S/Trisul32/trisul32_buildroot-master/buildroot/output/host/bin/riscv32-buildroot-linux-gnu-gcc -c -D_LARGEFILE_SOURCE -D_LARGEFILE64_SOURCE -D_FILE_OFFSET_BITS=64  -Os -g0 -D_FORTIFY_SOURCE=1 -Wall -D_LARGEFILE_SOURCE -D_LARGEFILE64_SOURCE -D_FILE_OFFSET_BITS=64 conftest.c >&5
configure:3638: $? = 0
configure:3638: result: yes
configure:3638: checking for vfork.h
configure:3638: /home/joelphilip/Documents/C2S/Trisul32/trisul32_buildroot-master/buildroot/output/host/bin/riscv32-buildroot-linux-gnu-gcc -c -D_LARGEFILE_SOURCE -D_LARGEFILE64_SOURCE -D_FILE_OFFSET_BITS=64  -Os -g0 -D_FORTIFY_SOURCE=1 -Wall -D_LARGEFILE_SOURCE -D_LARGEFILE64_SOURCE -D_FILE_OFFSET_BITS=64 conftest.c >&5
conftest.c:48:10: fatal error: vfork.h: No such file or directory
   48 | #include <vfork.h>
      |          ^~~~~~~~~
compilation terminated.
configure:3638: $? = 1
configure: failed program was:
| /* confdefs.h */
| #define PACKAGE_NAME "autossh"
| #define PACKAGE_TARNAME "autossh"
| #define PACKAGE_VERSION "1.4"
| #define PACKAGE_STRING "autossh 1.4"
| #define PACKAGE_BUGREPORT "Carson Harding <harding@motd.ca>"
| #define PACKAGE_URL ""
| #define PATH_SSH "/usr/bin/ssh"
| #define HAVE_STDIO_H 1
| #define HAVE_STDLIB_H 1
| #define HAVE_STRING_H 1
| #define HAVE_INTTYPES_H 1
| #define HAVE_STDINT_H 1
| #define HAVE_STRINGS_H 1
| #define HAVE_SYS_STAT_H 1
| #define HAVE_SYS_TYPES_H 1
| #define HAVE_UNISTD_H 1
| #define HAVE_SYS_TIME_H 1
| /* end confdefs.h.  */
| #include <stddef.h>
| #ifdef HAVE_STDIO_H
| # include <stdio.h>
| #endif
| #ifdef HAVE_STDLIB_H
| # include <stdlib.h>
| #endif
| #ifdef HAVE_STRING_H
| # include <string.h>
| #endif
| #ifdef HAVE_INTTYPES_H
| # include <inttypes.h>
| #endif
| #ifdef HAVE_STDINT_H
| # include <stdint.h>
| #endif
| #ifdef HAVE_STRINGS_H
| # include <strings.h>
| #endif
| #ifdef HAVE_SYS_TYPES_H
| # include <sys/types.h>
| #endif
| #ifdef HAVE_SYS_STAT_H
| # include <sys/stat.h>
| #endif
| #ifdef HAVE_UNISTD_H
| # include <unistd.h>
| #endif
| #include <vfork.h>
configure:3638: result: no
configure:3638: checking for sys/select.h
configure:3638: /home/joelphilip/Documents/C2S/Trisul32/trisul32_buildroot-master/buildroot/output/host/bin/riscv32-buildroot-linux-gnu-gcc -c -D_LARGEFILE_SOURCE -D_LARGEFILE64_SOURCE -D_FILE_OFFSET_BITS=64  -Os -g0 -D_FORTIFY_SOURCE=1 -Wall -D_LARGEFILE_SOURCE -D_LARGEFILE64_SOURCE -D_FILE_OFFSET_BITS=64 conftest.c >&5
configure:3638: $? = 0
configure:3638: result: yes
configure:3638: checking for sys/socket.h
configure:3638: /home/joelphilip/Documents/C2S/Trisul32/trisul32_buildroot-master/buildroot/output/host/bin/riscv32-buildroot-linux-gnu-gcc -c -D_LARGEFILE_SOURCE -D_LARGEFILE64_SOURCE -D_FILE_OFFSET_BITS=64  -Os -g0 -D_FORTIFY_SOURCE=1 -Wall -D_LARGEFILE_SOURCE -D_LARGEFILE64_SOURCE -D_FILE_OFFSET_BITS=64 conftest.c >&5
configure:3638: $? = 0
configure:3638: result: yes
configure:3663: checking for grep that handles long lines and -e
configure:3727: result: /usr/bin/grep
configure:3735: checking for egrep
configure:3803: result: /usr/bin/grep -E
configure:3809: checking for sys/wait.h that is POSIX.1 compatible
configure:3836: /home/joelphilip/Documents/C2S/Trisul32/trisul32_buildroot-master/buildroot/output/host/bin/riscv32-buildroot-linux-gnu-gcc -c -D_LARGEFILE_SOURCE -D_LARGEFILE64_SOURCE -D_FILE_OFFSET_BITS=64  -Os -g0 -D_FORTIFY_SOURCE=1 -Wall -D_LARGEFILE_SOURCE -D_LARGEFILE64_SOURCE -D_FILE_OFFSET_BITS=64 conftest.c >&5
configure:3836: $? = 0
configure:3844: result: yes
configure:3852: checking for arpa/inet.h
configure:3852: /home/joelphilip/Documents/C2S/Trisul32/trisul32_buildroot-master/buildroot/output/host/bin/riscv32-buildroot-linux-gnu-gcc -c -D_LARGEFILE_SOURCE -D_LARGEFILE64_SOURCE -D_FILE_OFFSET_BITS=64  -Os -g0 -D_FORTIFY_SOURCE=1 -Wall -D_LARGEFILE_SOURCE -D_LARGEFILE64_SOURCE -D_FILE_OFFSET_BITS=64 conftest.c >&5
configure:3852: $? = 0
configure:3852: result: yes
configure:3858: checking for fcntl.h
configure:3858: /home/joelphilip/Documents/C2S/Trisul32/trisul32_buildroot-master/buildroot/output/host/bin/riscv32-buildroot-linux-gnu-gcc -c -D_LARGEFILE_SOURCE -D_LARGEFILE64_SOURCE -D_FILE_OFFSET_BITS=64  -Os -g0 -D_FORTIFY_SOURCE=1 -Wall -D_LARGEFILE_SOURCE -D_LARGEFILE64_SOURCE -D_FILE_OFFSET_BITS=64 conftest.c >&5
configure:3858: $? = 0
configure:3858: result: yes
configure:3864: checking for limits.h
configure:3864: /home/joelphilip/Documents/C2S/Trisul32/trisul32_buildroot-master/buildroot/output/host/bin/riscv32-buildroot-linux-gnu-gcc -c -D_LARGEFILE_SOURCE -D_LARGEFILE64_SOURCE -D_FILE_OFFSET_BITS=64  -Os -g0 -D_FORTIFY_SOURCE=1 -Wall -D_LARGEFILE_SOURCE -D_LARGEFILE64_SOURCE -D_FILE_OFFSET_BITS=64 conftest.c >&5
configure:3864: $? = 0
configure:3864: result: yes
configure:3870: checking for netdb.h
configure:3870: /home/joelphilip/Documents/C2S/Trisul32/trisul32_buildroot-master/buildroot/output/host/bin/riscv32-buildroot-linux-gnu-gcc -c -D_LARGEFILE_SOURCE -D_LARGEFILE64_SOURCE -D_FILE_OFFSET_BITS=64  -Os -g0 -D_FORTIFY_SOURCE=1 -Wall -D_LARGEFILE_SOURCE -D_LARGEFILE64_SOURCE -D_FILE_OFFSET_BITS=64 conftest.c >&5
configure:3870: $? = 0
configure:3870: result: yes
configure:3877: checking for netinet/in.h
configure:3877: /home/joelphilip/Documents/C2S/Trisul32/trisul32_buildroot-master/buildroot/output/host/bin/riscv32-buildroot-linux-gnu-gcc -c -D_LARGEFILE_SOURCE -D_LARGEFILE64_SOURCE -D_FILE_OFFSET_BITS=64  -Os -g0 -D_FORTIFY_SOURCE=1 -Wall -D_LARGEFILE_SOURCE -D_LARGEFILE64_SOURCE -D_FILE_OFFSET_BITS=64 conftest.c >&5
configure:3877: $? = 0
configure:3877: result: yes
configure:3883: checking for paths.h
configure:3883: /home/joelphilip/Documents/C2S/Trisul32/trisul32_buildroot-master/buildroot/output/host/bin/riscv32-buildroot-linux-gnu-gcc -c -D_LARGEFILE_SOURCE -D_LARGEFILE64_SOURCE -D_FILE_OFFSET_BITS=64  -Os -g0 -D_FORTIFY_SOURCE=1 -Wall -D_LARGEFILE_SOURCE -D_LARGEFILE64_SOURCE -D_FILE_OFFSET_BITS=64 conftest.c >&5
configure:3883: $? = 0
configure:3883: result: yes
configure:3889: checking for stdlib.h
configure:3889: result: yes
configure:3895: checking for string.h
configure:3895: result: yes
configure:3901: checking for sys/socket.h
configure:3901: result: yes
configure:3908: checking for sys/time.h
configure:3908: result: yes
configure:3914: checking for syslog.h
configure:3914: /home/joelphilip/Documents/C2S/Trisul32/trisul32_buildroot-master/buildroot/output/host/bin/riscv32-buildroot-linux-gnu-gcc -c -D_LARGEFILE_SOURCE -D_LARGEFILE64_SOURCE -D_FILE_OFFSET_BITS=64  -Os -g0 -D_FORTIFY_SOURCE=1 -Wall -D_LARGEFILE_SOURCE -D_LARGEFILE64_SOURCE -D_FILE_OFFSET_BITS=64 conftest.c >&5
configure:3914: $? = 0
configure:3914: result: yes
configure:3920: checking for unistd.h
configure:3920: result: yes
configure:3930: checking for an ANSI C-conforming const
configure:3997: /home/joelphilip/Documents/C2S/Trisul32/trisul32_buildroot-master/buildroot/output/host/bin/riscv32-buildroot-linux-gnu-gcc -c -D_LARGEFILE_SOURCE -D_LARGEFILE64_SOURCE -D_FILE_OFFSET_BITS=64  -Os -g0 -D_FORTIFY_SOURCE=1 -Wall -D_LARGEFILE_SOURCE -D_LARGEFILE64_SOURCE -D_FILE_OFFSET_BITS=64 conftest.c >&5
configure:3997: $? = 0
configure:4005: result: yes
configure:4013: checking for inline
configure:4030: /home/joelphilip/Documents/C2S/Trisul32/trisul32_buildroot-master/buildroot/output/host/bin/riscv32-buildroot-linux-gnu-gcc -c -D_LARGEFILE_SOURCE -D_LARGEFILE64_SOURCE -D_FILE_OFFSET_BITS=64  -Os -g0 -D_FORTIFY_SOURCE=1 -Wall -D_LARGEFILE_SOURCE -D_LARGEFILE64_SOURCE -D_FILE_OFFSET_BITS=64 conftest.c >&5
configure:4030: $? = 0
configure:4039: result: inline
configure:4057: checking for size_t
configure:4057: /home/joelphilip/Documents/C2S/Trisul32/trisul32_buildroot-master/buildroot/output/host/bin/riscv32-buildroot-linux-gnu-gcc -c -D_LARGEFILE_SOURCE -D_LARGEFILE64_SOURCE -D_FILE_OFFSET_BITS=64  -Os -g0 -D_FORTIFY_SOURCE=1 -Wall -D_LARGEFILE_SOURCE -D_LARGEFILE64_SOURCE -D_FILE_OFFSET_BITS=64 conftest.c >&5
configure:4057: $? = 0
configure:4057: /home/joelphilip/Documents/C2S/Trisul32/trisul32_buildroot-master/buildroot/output/host/bin/riscv32-buildroot-linux-gnu-gcc -c -D_LARGEFILE_SOURCE -D_LARGEFILE64_SOURCE -D_FILE_OFFSET_BITS=64  -Os -g0 -D_FORTIFY_SOURCE=1 -Wall -D_LARGEFILE_SOURCE -D_LARGEFILE64_SOURCE -D_FILE_OFFSET_BITS=64 conftest.c >&5
conftest.c: In function 'main':
conftest.c:67:21: error: expected expression before ')' token
   67 | if (sizeof ((size_t)))
      |                     ^
configure:4057: $? = 1
configure: failed program was:
| /* confdefs.h */
| #define PACKAGE_NAME "autossh"
| #define PACKAGE_TARNAME "autossh"
| #define PACKAGE_VERSION "1.4"
| #define PACKAGE_STRING "autossh 1.4"
| #define PACKAGE_BUGREPORT "Carson Harding <harding@motd.ca>"
| #define PACKAGE_URL ""
| #define PATH_SSH "/usr/bin/ssh"
| #define HAVE_STDIO_H 1
| #define HAVE_STDLIB_H 1
| #define HAVE_STRING_H 1
| #define HAVE_INTTYPES_H 1
| #define HAVE_STDINT_H 1
| #define HAVE_STRINGS_H 1
| #define HAVE_SYS_STAT_H 1
| #define HAVE_SYS_TYPES_H 1
| #define HAVE_UNISTD_H 1
| #define HAVE_SYS_TIME_H 1
| #define HAVE_SYS_SELECT_H 1
| #define HAVE_SYS_SOCKET_H 1
| #define STDC_HEADERS 1
| #define HAVE_SYS_WAIT_H 1
| #define HAVE_ARPA_INET_H 1
| #define HAVE_FCNTL_H 1
| #define HAVE_LIMITS_H 1
| #define HAVE_NETDB_H 1
| #define HAVE_NETINET_IN_H 1
| #define HAVE_PATHS_H 1
| #define HAVE_STDLIB_H 1
| #define HAVE_STRING_H 1
| #define HAVE_SYS_SOCKET_H 1
| #define HAVE_SYS_TIME_H 1
| #define HAVE_SYSLOG_H 1
| #define HAVE_UNISTD_H 1
| /* end confdefs.h.  */
| #include <stddef.h>
| #ifdef HAVE_STDIO_H
| # include <stdio.h>
| #endif
| #ifdef HAVE_STDLIB_H
| # include <stdlib.h>
| #endif
| #ifdef HAVE_STRING_H
| # include <string.h>
| #endif
| #ifdef HAVE_INTTYPES_H
| # include <inttypes.h>
| #endif
| #ifdef HAVE_STDINT_H
| # include <stdint.h>
| #endif
| #ifdef HAVE_STRINGS_H
| # include <strings.h>
| #endif
| #ifdef HAVE_SYS_TYPES_H
| # include <sys/types.h>
| #endif
| #ifdef HAVE_SYS_STAT_H
| # include <sys/stat.h>
| #endif
| #ifdef HAVE_UNISTD_H
| # include <unistd.h>
| #endif
| int
| main (void)
| {
| if (sizeof ((size_t)))
| 	    return 0;
|   ;
|   return 0;
| }
configure:4057: result: yes
configure:4077: checking whether struct tm is in sys/time.h or time.h
configure:4098: /home/joelphilip/Documents/C2S/Trisul32/trisul32_buildroot-master/buildroot/output/host/bin/riscv32-buildroot-linux-gnu-gcc -c -D_LARGEFILE_SOURCE -D_LARGEFILE64_SOURCE -D_FILE_OFFSET_BITS=64  -Os -g0 -D_FORTIFY_SOURCE=1 -Wall -D_LARGEFILE_SOURCE -D_LARGEFILE64_SOURCE -D_FILE_OFFSET_BITS=64 conftest.c >&5
configure:4098: $? = 0
configure:4106: result: time.h
configure:4114: checking for working volatile
configure:4134: /home/joelphilip/Documents/C2S/Trisul32/trisul32_buildroot-master/buildroot/output/host/bin/riscv32-buildroot-linux-gnu-gcc -c -D_LARGEFILE_SOURCE -D_LARGEFILE64_SOURCE -D_FILE_OFFSET_BITS=64  -Os -g0 -D_FORTIFY_SOURCE=1 -Wall -D_LARGEFILE_SOURCE -D_LARGEFILE64_SOURCE -D_FILE_OFFSET_BITS=64 conftest.c >&5
configure:4134: $? = 0
configure:4142: result: yes
configure:4150: checking for socklen_t
configure:4150: /home/joelphilip/Documents/C2S/Trisul32/trisul32_buildroot-master/buildroot/output/host/bin/riscv32-buildroot-linux-gnu-gcc -c -D_LARGEFILE_SOURCE -D_LARGEFILE64_SOURCE -D_FILE_OFFSET_BITS=64  -Os -g0 -D_FORTIFY_SOURCE=1 -Wall -D_LARGEFILE_SOURCE -D_LARGEFILE64_SOURCE -D_FILE_OFFSET_BITS=64 conftest.c >&5
configure:4150: $? = 0
configure:4150: /home/joelphilip/Documents/C2S/Trisul32/trisul32_buildroot-master/buildroot/output/host/bin/riscv32-buildroot-linux-gnu-gcc -c -D_LARGEFILE_SOURCE -D_LARGEFILE64_SOURCE -D_FILE_OFFSET_BITS=64  -Os -g0 -D_FORTIFY_SOURCE=1 -Wall -D_LARGEFILE_SOURCE -D_LARGEFILE64_SOURCE -D_FILE_OFFSET_BITS=64 conftest.c >&5
conftest.c: In function 'main':
conftest.c:53:24: error: expected expression before ')' token
   53 | if (sizeof ((socklen_t)))
      |                        ^
configure:4150: $? = 1
configure: failed program was:
| /* confdefs.h */
| #define PACKAGE_NAME "autossh"
| #define PACKAGE_TARNAME "autossh"
| #define PACKAGE_VERSION "1.4"
| #define PACKAGE_STRING "autossh 1.4"
| #define PACKAGE_BUGREPORT "Carson Harding <harding@motd.ca>"
| #define PACKAGE_URL ""
| #define PATH_SSH "/usr/bin/ssh"
| #define HAVE_STDIO_H 1
| #define HAVE_STDLIB_H 1
| #define HAVE_STRING_H 1
| #define HAVE_INTTYPES_H 1
| #define HAVE_STDINT_H 1
| #define HAVE_STRINGS_H 1
| #define HAVE_SYS_STAT_H 1
| #define HAVE_SYS_TYPES_H 1
| #define HAVE_UNISTD_H 1
| #define HAVE_SYS_TIME_H 1
| #define HAVE_SYS_SELECT_H 1
| #define HAVE_SYS_SOCKET_H 1
| #define STDC_HEADERS 1
| #define HAVE_SYS_WAIT_H 1
| #define HAVE_ARPA_INET_H 1
| #define HAVE_FCNTL_H 1
| #define HAVE_LIMITS_H 1
| #define HAVE_NETDB_H 1
| #define HAVE_NETINET_IN_H 1
| #define HAVE_PATHS_H 1
| #define HAVE_STDLIB_H 1
| #define HAVE_STRING_H 1
| #define HAVE_SYS_SOCKET_H 1
| #define HAVE_SYS_TIME_H 1
| #define HAVE_SYSLOG_H 1
| #define HAVE_UNISTD_H 1
| #define TIME_WITH_SYS_TIME 1
| /* end confdefs.h.  */
| 
| #ifdef HAVE_SYS_TYPES_H
| #  include <sys/types.h>
| #endif
| #ifdef HAVE_SYS_SOCKET_H
| #  include <sys/socket.h>
| #endif
| #ifdef HAVE_ARPA_INET_H
| #  include <arpa/inet.h>
| #endif
| 
| 
| 
| int
| main (void)
| {
| if (sizeof ((socklen_t)))
| 	    return 0;
|   ;
|   return 0;
| }
configure:4150: result: yes
configure:4170: checking for struct addrinfo
configure:4170: /home/joelphilip/Documents/C2S/Trisul32/trisul32_buildroot-master/buildroot/output/host/bin/riscv32-buildroot-linux-gnu-gcc -c -D_LARGEFILE_SOURCE -D_LARGEFILE64_SOURCE -D_FILE_OFFSET_BITS=64  -Os -g0 -D_FORTIFY_SOURCE=1 -Wall -D_LARGEFILE_SOURCE -D_LARGEFILE64_SOURCE -D_FILE_OFFSET_BITS=64 conftest.c >&5
configure:4170: $? = 0
configure:4170: /home/joelphilip/Documents/C2S/Trisul32/trisul32_buildroot-master/buildroot/output/host/bin/riscv32-buildroot-linux-gnu-gcc -c -D_LARGEFILE_SOURCE -D_LARGEFILE64_SOURCE -D_FILE_OFFSET_BITS=64  -Os -g0 -D_FORTIFY_SOURCE=1 -Wall -D_LARGEFILE_SOURCE -D_LARGEFILE64_SOURCE -D_FILE_OFFSET_BITS=64 conftest.c >&5
conftest.c: In function 'main':
conftest.c:48:30: error: expected expression before ')' token
   48 | if (sizeof ((struct addrinfo)))
      |                              ^
configure:4170: $? = 1
configure: failed program was:
| /* confdefs.h */
| #define PACKAGE_NAME "autossh"
| #define PACKAGE_TARNAME "autossh"
| #define PACKAGE_VERSION "1.4"
| #define PACKAGE_STRING "autossh 1.4"
| #define PACKAGE_BUGREPORT "Carson Harding <harding@motd.ca>"
| #define PACKAGE_URL ""
| #define PATH_SSH "/usr/bin/ssh"
| #define HAVE_STDIO_H 1
| #define HAVE_STDLIB_H 1
| #define HAVE_STRING_H 1
| #define HAVE_INTTYPES_H 1
| #define HAVE_STDINT_H 1
| #define HAVE_STRINGS_H 1
| #define HAVE_SYS_STAT_H 1
| #define HAVE_SYS_TYPES_H 1
| #define HAVE_UNISTD_H 1
| #define HAVE_SYS_TIME_H 1
| #define HAVE_SYS_SELECT_H 1
| #define HAVE_SYS_SOCKET_H 1
| #define STDC_HEADERS 1
| #define HAVE_SYS_WAIT_H 1
| #define HAVE_ARPA_INET_H 1
| #define HAVE_FCNTL_H 1
| #define HAVE_LIMITS_H 1
| #define HAVE_NETDB_H 1
| #define HAVE_NETINET_IN_H 1
| #define HAVE_PATHS_H 1
| #define HAVE_STDLIB_H 1
| #define HAVE_STRING_H 1
| #define HAVE_SYS_SOCKET_H 1
| #define HAVE_SYS_TIME_H 1
| #define HAVE_SYSLOG_H 1
| #define HAVE_UNISTD_H 1
| #define TIME_WITH_SYS_TIME 1
| #define HAVE_SOCKLEN_T 1
| /* end confdefs.h.  */
| 
| #ifdef HAVE_NETDB_H
| #  include <netdb.h>
| #endif
| 
| 
| 
| int
| main (void)
| {
| if (sizeof ((struct addrinfo)))
| 	    return 0;
|   ;
|   return 0;
| }
configure:4170: result: yes
configure:4184: checking for u_int16_t
configure:4184: /home/joelphilip/Documents/C2S/Trisul32/trisul32_buildroot-master/buildroot/output/host/bin/riscv32-buildroot-linux-gnu-gcc -c -D_LARGEFILE_SOURCE -D_LARGEFILE64_SOURCE -D_FILE_OFFSET_BITS=64  -Os -g0 -D_FORTIFY_SOURCE=1 -Wall -D_LARGEFILE_SOURCE -D_LARGEFILE64_SOURCE -D_FILE_OFFSET_BITS=64 conftest.c >&5
configure:4184: $? = 0
configure:4184: /home/joelphilip/Documents/C2S/Trisul32/trisul32_buildroot-master/buildroot/output/host/bin/riscv32-buildroot-linux-gnu-gcc -c -D_LARGEFILE_SOURCE -D_LARGEFILE64_SOURCE -D_FILE_OFFSET_BITS=64  -Os -g0 -D_FORTIFY_SOURCE=1 -Wall -D_LARGEFILE_SOURCE -D_LARGEFILE64_SOURCE -D_FILE_OFFSET_BITS=64 conftest.c >&5
conftest.c: In function 'main':
conftest.c:49:24: error: expected expression before ')' token
   49 | if (sizeof ((u_int16_t)))
      |                        ^
configure:4184: $? = 1
configure: failed program was:
| /* confdefs.h */
| #define PACKAGE_NAME "autossh"
| #define PACKAGE_TARNAME "autossh"
| #define PACKAGE_VERSION "1.4"
| #define PACKAGE_STRING "autossh 1.4"
| #define PACKAGE_BUGREPORT "Carson Harding <harding@motd.ca>"
| #define PACKAGE_URL ""
| #define PATH_SSH "/usr/bin/ssh"
| #define HAVE_STDIO_H 1
| #define HAVE_STDLIB_H 1
| #define HAVE_STRING_H 1
| #define HAVE_INTTYPES_H 1
| #define HAVE_STDINT_H 1
| #define HAVE_STRINGS_H 1
| #define HAVE_SYS_STAT_H 1
| #define HAVE_SYS_TYPES_H 1
| #define HAVE_UNISTD_H 1
| #define HAVE_SYS_TIME_H 1
| #define HAVE_SYS_SELECT_H 1
| #define HAVE_SYS_SOCKET_H 1
| #define STDC_HEADERS 1
| #define HAVE_SYS_WAIT_H 1
| #define HAVE_ARPA_INET_H 1
| #define HAVE_FCNTL_H 1
| #define HAVE_LIMITS_H 1
| #define HAVE_NETDB_H 1
| #define HAVE_NETINET_IN_H 1
| #define HAVE_PATHS_H 1
| #define HAVE_STDLIB_H 1
| #define HAVE_STRING_H 1
| #define HAVE_SYS_SOCKET_H 1
| #define HAVE_SYS_TIME_H 1
| #define HAVE_SYSLOG_H 1
| #define HAVE_UNISTD_H 1
| #define TIME_WITH_SYS_TIME 1
| #define HAVE_SOCKLEN_T 1
| #define HAVE_ADDRINFO 1
| /* end confdefs.h.  */
| 
| #ifdef HAVE_SYS_TYPES_H
| #  include <sys/types.h>
| #endif
| 
| 
| 
| int
| main (void)
| {
| if (sizeof ((u_int16_t)))
| 	    return 0;
|   ;
|   return 0;
| }
configure:4184: result: yes
configure:4198: checking for uint16_t
configure:4198: /home/joelphilip/Documents/C2S/Trisul32/trisul32_buildroot-master/buildroot/output/host/bin/riscv32-buildroot-linux-gnu-gcc -c -D_LARGEFILE_SOURCE -D_LARGEFILE64_SOURCE -D_FILE_OFFSET_BITS=64  -Os -g0 -D_FORTIFY_SOURCE=1 -Wall -D_LARGEFILE_SOURCE -D_LARGEFILE64_SOURCE -D_FILE_OFFSET_BITS=64 conftest.c >&5
conftest.c: In function 'main':
conftest.c:50:13: error: 'uint16_t' undeclared (first use in this function)
   50 | if (sizeof (uint16_t))
      |             ^~~~~~~~
conftest.c:43:1: note: 'uint16_t' is defined in header '<stdint.h>'; did you forget to '#include <stdint.h>'?
   42 | #  include <sys/types.h>
   43 | #endif
conftest.c:50:13: note: each undeclared identifier is reported only once for each function it appears in
   50 | if (sizeof (uint16_t))
      |             ^~~~~~~~
configure:4198: $? = 1
configure: failed program was:
| /* confdefs.h */
| #define PACKAGE_NAME "autossh"
| #define PACKAGE_TARNAME "autossh"
| #define PACKAGE_VERSION "1.4"
| #define PACKAGE_STRING "autossh 1.4"
| #define PACKAGE_BUGREPORT "Carson Harding <harding@motd.ca>"
| #define PACKAGE_URL ""
| #define PATH_SSH "/usr/bin/ssh"
| #define HAVE_STDIO_H 1
| #define HAVE_STDLIB_H 1
| #define HAVE_STRING_H 1
| #define HAVE_INTTYPES_H 1
| #define HAVE_STDINT_H 1
| #define HAVE_STRINGS_H 1
| #define HAVE_SYS_STAT_H 1
| #define HAVE_SYS_TYPES_H 1
| #define HAVE_UNISTD_H 1
| #define HAVE_SYS_TIME_H 1
| #define HAVE_SYS_SELECT_H 1
| #define HAVE_SYS_SOCKET_H 1
| #define STDC_HEADERS 1
| #define HAVE_SYS_WAIT_H 1
| #define HAVE_ARPA_INET_H 1
| #define HAVE_FCNTL_H 1
| #define HAVE_LIMITS_H 1
| #define HAVE_NETDB_H 1
| #define HAVE_NETINET_IN_H 1
| #define HAVE_PATHS_H 1
| #define HAVE_STDLIB_H 1
| #define HAVE_STRING_H 1
| #define HAVE_SYS_SOCKET_H 1
| #define HAVE_SYS_TIME_H 1
| #define HAVE_SYSLOG_H 1
| #define HAVE_UNISTD_H 1
| #define TIME_WITH_SYS_TIME 1
| #define HAVE_SOCKLEN_T 1
| #define HAVE_ADDRINFO 1
| #define HAVE_U_INT16_T 1
| /* end confdefs.h.  */
| 
| #ifdef HAVE_SYS_TYPES_H
| #  include <sys/types.h>
| #endif
| 
| 
| 
| int
| main (void)
| {
| if (sizeof (uint16_t))
| 	 return 0;
|   ;
|   return 0;
| }
configure:4198: result: no
configure:4212: checking for /home/joelphilip/Documents/C2S/Trisul32/trisul32_buildroot-master/buildroot/output/host/bin/riscv32-buildroot-linux-gnu-gcc options needed to detect all undeclared functions
configure:4234: /home/joelphilip/Documents/C2S/Trisul32/trisul32_buildroot-master/buildroot/output/host/bin/riscv32-buildroot-linux-gnu-gcc -c -D_LARGEFILE_SOURCE -D_LARGEFILE64_SOURCE -D_FILE_OFFSET_BITS=64  -Os -g0 -D_FORTIFY_SOURCE=1 -Wall  -D_LARGEFILE_SOURCE -D_LARGEFILE64_SOURCE -D_FILE_OFFSET_BITS=64 conftest.c >&5
conftest.c: In function 'main':
conftest.c:44:8: error: 'strchr' undeclared (first use in this function)
   44 | (void) strchr;
      |        ^~~~~~
conftest.c:1:1: note: 'strchr' is defined in header '<string.h>'; did you forget to '#include <string.h>'?
    1 | /* confdefs.h */
conftest.c:44:8: note: each undeclared identifier is reported only once for each function it appears in
   44 | (void) strchr;
      |        ^~~~~~
configure:4234: $? = 1
configure: failed program was:
| /* confdefs.h */
| #define PACKAGE_NAME "autossh"
| #define PACKAGE_TARNAME "autossh"
| #define PACKAGE_VERSION "1.4"
| #define PACKAGE_STRING "autossh 1.4"
| #define PACKAGE_BUGREPORT "Carson Harding <harding@motd.ca>"
| #define PACKAGE_URL ""
| #define PATH_SSH "/usr/bin/ssh"
| #define HAVE_STDIO_H 1
| #define HAVE_STDLIB_H 1
| #define HAVE_STRING_H 1
| #define HAVE_INTTYPES_H 1
| #define HAVE_STDINT_H 1
| #define HAVE_STRINGS_H 1
| #define HAVE_SYS_STAT_H 1
| #define HAVE_SYS_TYPES_H 1
| #define HAVE_UNISTD_H 1
| #define HAVE_SYS_TIME_H 1
| #define HAVE_SYS_SELECT_H 1
| #define HAVE_SYS_SOCKET_H 1
| #define STDC_HEADERS 1
| #define HAVE_SYS_WAIT_H 1
| #define HAVE_ARPA_INET_H 1
| #define HAVE_FCNTL_H 1
| #define HAVE_LIMITS_H 1
| #define HAVE_NETDB_H 1
| #define HAVE_NETINET_IN_H 1
| #define HAVE_PATHS_H 1
| #define HAVE_STDLIB_H 1
| #define HAVE_STRING_H 1
| #define HAVE_SYS_SOCKET_H 1
| #define HAVE_SYS_TIME_H 1
| #define HAVE_SYSLOG_H 1
| #define HAVE_UNISTD_H 1
| #define TIME_WITH_SYS_TIME 1
| #define HAVE_SOCKLEN_T 1
| #define HAVE_ADDRINFO 1
| #define HAVE_U_INT16_T 1
| /* end confdefs.h.  */
| 
| int
| main (void)
| {
| (void) strchr;
|   ;
|   return 0;
| }
configure:4261: /home/joelphilip/Documents/C2S/Trisul32/trisul32_buildroot-master/buildroot/output/host/bin/riscv32-buildroot-linux-gnu-gcc -c -D_LARGEFILE_SOURCE -D_LARGEFILE64_SOURCE -D_FILE_OFFSET_BITS=64  -Os -g0 -D_FORTIFY_SOURCE=1 -Wall  -D_LARGEFILE_SOURCE -D_LARGEFILE64_SOURCE -D_FILE_OFFSET_BITS=64 conftest.c >&5
configure:4261: $? = 0
configure:4278: result: none needed
configure:4292: checking whether LOG_PERROR is declared
configure:4292: /home/joelphilip/Documents/C2S/Trisul32/trisul32_buildroot-master/buildroot/output/host/bin/riscv32-buildroot-linux-gnu-gcc -c -D_LARGEFILE_SOURCE -D_LARGEFILE64_SOURCE -D_FILE_OFFSET_BITS=64  -Os -g0 -D_FORTIFY_SOURCE=1 -Wall  -D_LARGEFILE_SOURCE -D_LARGEFILE64_SOURCE -D_FILE_OFFSET_BITS=64 conftest.c >&5
configure:4292: $? = 0
configure:4292: result: yes
configure:4309: checking for pid_t
configure:4309: /home/joelphilip/Documents/C2S/Trisul32/trisul32_buildroot-master/buildroot/output/host/bin/riscv32-buildroot-linux-gnu-gcc -c -D_LARGEFILE_SOURCE -D_LARGEFILE64_SOURCE -D_FILE_OFFSET_BITS=64  -Os -g0 -D_FORTIFY_SOURCE=1 -Wall -D_LARGEFILE_SOURCE -D_LARGEFILE64_SOURCE -D_FILE_OFFSET_BITS=64 conftest.c >&5
configure:4309: $? = 0
configure:4309: /home/joelphilip/Documents/C2S/Trisul32/trisul32_buildroot-master/buildroot/output/host/bin/riscv32-buildroot-linux-gnu-gcc -c -D_LARGEFILE_SOURCE -D_LARGEFILE64_SOURCE -D_FILE_OFFSET_BITS=64  -Os -g0 -D_FORTIFY_SOURCE=1 -Wall -D_LARGEFILE_SOURCE -D_LARGEFILE64_SOURCE -D_FILE_OFFSET_BITS=64 conftest.c >&5
conftest.c: In function 'main':
conftest.c:73:20: error: expected expression before ')' token
   73 | if (sizeof ((pid_t)))
      |                    ^
configure:4309: $? = 1
configure: failed program was:
| /* confdefs.h */
| #define PACKAGE_NAME "autossh"
| #define PACKAGE_TARNAME "autossh"
| #define PACKAGE_VERSION "1.4"
| #define PACKAGE_STRING "autossh 1.4"
| #define PACKAGE_BUGREPORT "Carson Harding <harding@motd.ca>"
| #define PACKAGE_URL ""
| #define PATH_SSH "/usr/bin/ssh"
| #define HAVE_STDIO_H 1
| #define HAVE_STDLIB_H 1
| #define HAVE_STRING_H 1
| #define HAVE_INTTYPES_H 1
| #define HAVE_STDINT_H 1
| #define HAVE_STRINGS_H 1
| #define HAVE_SYS_STAT_H 1
| #define HAVE_SYS_TYPES_H 1
| #define HAVE_UNISTD_H 1
| #define HAVE_SYS_TIME_H 1
| #define HAVE_SYS_SELECT_H 1
| #define HAVE_SYS_SOCKET_H 1
| #define STDC_HEADERS 1
| #define HAVE_SYS_WAIT_H 1
| #define HAVE_ARPA_INET_H 1
| #define HAVE_FCNTL_H 1
| #define HAVE_LIMITS_H 1
| #define HAVE_NETDB_H 1
| #define HAVE_NETINET_IN_H 1
| #define HAVE_PATHS_H 1
| #define HAVE_STDLIB_H 1
| #define HAVE_STRING_H 1
| #define HAVE_SYS_SOCKET_H 1
| #define HAVE_SYS_TIME_H 1
| #define HAVE_SYSLOG_H 1
| #define HAVE_UNISTD_H 1
| #define TIME_WITH_SYS_TIME 1
| #define HAVE_SOCKLEN_T 1
| #define HAVE_ADDRINFO 1
| #define HAVE_U_INT16_T 1
| #define HAVE_LOG_PERROR 1
| /* end confdefs.h.  */
| #include <stddef.h>
| #ifdef HAVE_STDIO_H
| # include <stdio.h>
| #endif
| #ifdef HAVE_STDLIB_H
| # include <stdlib.h>
| #endif
| #ifdef HAVE_STRING_H
| # include <string.h>
| #endif
| #ifdef HAVE_INTTYPES_H
| # include <inttypes.h>
| #endif
| #ifdef HAVE_STDINT_H
| # include <stdint.h>
| #endif
| #ifdef HAVE_STRINGS_H
| # include <strings.h>
| #endif
| #ifdef HAVE_SYS_TYPES_H
| # include <sys/types.h>
| #endif
| #ifdef HAVE_SYS_STAT_H
| # include <sys/stat.h>
| #endif
| #ifdef HAVE_UNISTD_H
| # include <unistd.h>
| #endif
| 
| int
| main (void)
| {
| if (sizeof ((pid_t)))
| 	    return 0;
|   ;
|   return 0;
| }
configure:4309: result: yes
configure:4350: checking for fork
configure:4350: /home/joelphilip/Documents/C2S/Trisul32/trisul32_buildroot-master/buildroot/output/host/bin/riscv32-buildroot-linux-gnu-gcc -o conftest -D_LARGEFILE_SOURCE -D_LARGEFILE64_SOURCE -D_FILE_OFFSET_BITS=64  -Os -g0 -D_FORTIFY_SOURCE=1 -Wall -D_LARGEFILE_SOURCE -D_LARGEFILE64_SOURCE -D_FILE_OFFSET_BITS=64 -march=rv32ima -mabi=ilp32 conftest.c  >&5
conftest.c:57:6: warning: conflicting types for built-in function 'fork'; expected 'int(void)' [-Wbuiltin-declaration-mismatch]
   57 | char fork ();
      |      ^~~~
configure:4350: $? = 0
configure:4350: result: yes
configure:4350: checking for vfork
configure:4350: /home/joelphilip/Documents/C2S/Trisul32/trisul32_buildroot-master/buildroot/output/host/bin/riscv32-buildroot-linux-gnu-gcc -o conftest -D_LARGEFILE_SOURCE -D_LARGEFILE64_SOURCE -D_FILE_OFFSET_BITS=64  -Os -g0 -D_FORTIFY_SOURCE=1 -Wall -D_LARGEFILE_SOURCE -D_LARGEFILE64_SOURCE -D_FILE_OFFSET_BITS=64 -march=rv32ima -mabi=ilp32 conftest.c  >&5
configure:4350: $? = 0
configure:4350: result: yes
configure:4350: checking for vprintf
configure:4350: /home/joelphilip/Documents/C2S/Trisul32/trisul32_buildroot-master/buildroot/output/host/bin/riscv32-buildroot-linux-gnu-gcc -o conftest -D_LARGEFILE_SOURCE -D_LARGEFILE64_SOURCE -D_FILE_OFFSET_BITS=64  -Os -g0 -D_FORTIFY_SOURCE=1 -Wall -D_LARGEFILE_SOURCE -D_LARGEFILE64_SOURCE -D_FILE_OFFSET_BITS=64 -march=rv32ima -mabi=ilp32 conftest.c  >&5
conftest.c:59:6: warning: conflicting types for built-in function 'vprintf'; expected 'int(const char *, void *)' [-Wbuiltin-declaration-mismatch]
   59 | char vprintf ();
      |      ^~~~~~~
conftest.c:51:1: note: 'vprintf' is declared in header '<stdio.h>'
   50 | #include <limits.h>
   51 | #undef vprintf
configure:4350: $? = 0
configure:4350: result: yes
configure:4363: checking for working fork
configure:4398: result: cross
configure:4414: WARNING: result yes guessed because of cross compilation
configure:4419: checking for working vfork
configure:4548: result: yes
configure:4580: checking build system type
configure:4595: result: x86_64-pc-linux-gnu
configure:4615: checking host system type
configure:4629: result: riscv32-buildroot-linux-gnu
configure:4649: checking for GNU libc compatible malloc
configure:4692: result: yes
configure:4714: checking for GNU libc compatible realloc
configure:4757: result: yes
configure:4782: checking types of arguments for select
configure:4812: /home/joelphilip/Documents/C2S/Trisul32/trisul32_buildroot-master/buildroot/output/host/bin/riscv32-buildroot-linux-gnu-gcc -c -D_LARGEFILE_SOURCE -D_LARGEFILE64_SOURCE -D_FILE_OFFSET_BITS=64  -Os -g0 -D_FORTIFY_SOURCE=1 -Wall -D_LARGEFILE_SOURCE -D_LARGEFILE64_SOURCE -D_FILE_OFFSET_BITS=64 conftest.c >&5
configure:4812: $? = 0
configure:4822: result: int,fd_set *,struct timeval *
configure:4842: checking for strftime
configure:4842: /home/joelphilip/Documents/C2S/Trisul32/trisul32_buildroot-master/buildroot/output/host/bin/riscv32-buildroot-linux-gnu-gcc -o conftest -D_LARGEFILE_SOURCE -D_LARGEFILE64_SOURCE -D_FILE_OFFSET_BITS=64  -Os -g0 -D_FORTIFY_SOURCE=1 -Wall -D_LARGEFILE_SOURCE -D_LARGEFILE64_SOURCE -D_FILE_OFFSET_BITS=64 -march=rv32ima -mabi=ilp32 conftest.c  >&5
conftest.c:67:6: warning: conflicting types for built-in function 'strftime'; expected 'unsigned int(char *, unsigned int,  const char *, const void *)' [-Wbuiltin-declaration-mismatch]
   67 | char strftime ();
      |      ^~~~~~~~
conftest.c:59:1: note: 'strftime' is declared in header '<time.h>'
   58 | #include <limits.h>
   59 | #undef strftime
configure:4842: $? = 0
configure:4842: result: yes
configure:4907: checking for alarm
configure:4907: /home/joelphilip/Documents/C2S/Trisul32/trisul32_buildroot-master/buildroot/output/host/bin/riscv32-buildroot-linux-gnu-gcc -o conftest -D_LARGEFILE_SOURCE -D_LARGEFILE64_SOURCE -D_FILE_OFFSET_BITS=64  -Os -g0 -D_FORTIFY_SOURCE=1 -Wall -D_LARGEFILE_SOURCE -D_LARGEFILE64_SOURCE -D_FILE_OFFSET_BITS=64 -march=rv32ima -mabi=ilp32 conftest.c  >&5
configure:4907: $? = 0
configure:4907: result: yes
configure:4913: checking for daemon
configure:4913: /home/joelphilip/Documents/C2S/Trisul32/trisul32_buildroot-master/buildroot/output/host/bin/riscv32-buildroot-linux-gnu-gcc -o conftest -D_LARGEFILE_SOURCE -D_LARGEFILE64_SOURCE -D_FILE_OFFSET_BITS=64  -Os -g0 -D_FORTIFY_SOURCE=1 -Wall -D_LARGEFILE_SOURCE -D_LARGEFILE64_SOURCE -D_FILE_OFFSET_BITS=64 -march=rv32ima -mabi=ilp32 conftest.c  >&5
configure:4913: $? = 0
configure:4913: result: yes
configure:4919: checking for dup2
configure:4919: /home/joelphilip/Documents/C2S/Trisul32/trisul32_buildroot-master/buildroot/output/host/bin/riscv32-buildroot-linux-gnu-gcc -o conftest -D_LARGEFILE_SOURCE -D_LARGEFILE64_SOURCE -D_FILE_OFFSET_BITS=64  -Os -g0 -D_FORTIFY_SOURCE=1 -Wall -D_LARGEFILE_SOURCE -D_LARGEFILE64_SOURCE -D_FILE_OFFSET_BITS=64 -march=rv32ima -mabi=ilp32 conftest.c  >&5
configure:4919: $? = 0
configure:4919: result: yes
configure:4925: checking for gethostbyname
configure:4925: /home/joelphilip/Documents/C2S/Trisul32/trisul32_buildroot-master/buildroot/output/host/bin/riscv32-buildroot-linux-gnu-gcc -o conftest -D_LARGEFILE_SOURCE -D_LARGEFILE64_SOURCE -D_FILE_OFFSET_BITS=64  -Os -g0 -D_FORTIFY_SOURCE=1 -Wall -D_LARGEFILE_SOURCE -D_LARGEFILE64_SOURCE -D_FILE_OFFSET_BITS=64 -march=rv32ima -mabi=ilp32 conftest.c  >&5
configure:4925: $? = 0
configure:4925: result: yes
configure:4931: checking for gettimeofday
configure:4931: /home/joelphilip/Documents/C2S/Trisul32/trisul32_buildroot-master/buildroot/output/host/bin/riscv32-buildroot-linux-gnu-gcc -o conftest -D_LARGEFILE_SOURCE -D_LARGEFILE64_SOURCE -D_FILE_OFFSET_BITS=64  -Os -g0 -D_FORTIFY_SOURCE=1 -Wall -D_LARGEFILE_SOURCE -D_LARGEFILE64_SOURCE -D_FILE_OFFSET_BITS=64 -march=rv32ima -mabi=ilp32 conftest.c  >&5
configure:4931: $? = 0
configure:4931: result: yes
configure:4937: checking for memmove
configure:4937: /home/joelphilip/Documents/C2S/Trisul32/trisul32_buildroot-master/buildroot/output/host/bin/riscv32-buildroot-linux-gnu-gcc -o conftest -D_LARGEFILE_SOURCE -D_LARGEFILE64_SOURCE -D_FILE_OFFSET_BITS=64  -Os -g0 -D_FORTIFY_SOURCE=1 -Wall -D_LARGEFILE_SOURCE -D_LARGEFILE64_SOURCE -D_FILE_OFFSET_BITS=64 -march=rv32ima -mabi=ilp32 conftest.c  >&5
conftest.c:73:6: warning: conflicting types for built-in function 'memmove'; expected 'void *(void *, const void *, unsigned int)' [-Wbuiltin-declaration-mismatch]
   73 | char memmove ();
      |      ^~~~~~~
conftest.c:65:1: note: 'memmove' is declared in header '<string.h>'
   64 | #include <limits.h>
   65 | #undef memmove
configure:4937: $? = 0
configure:4937: result: yes
configure:4944: checking for memset
configure:4944: /home/joelphilip/Documents/C2S/Trisul32/trisul32_buildroot-master/buildroot/output/host/bin/riscv32-buildroot-linux-gnu-gcc -o conftest -D_LARGEFILE_SOURCE -D_LARGEFILE64_SOURCE -D_FILE_OFFSET_BITS=64  -Os -g0 -D_FORTIFY_SOURCE=1 -Wall -D_LARGEFILE_SOURCE -D_LARGEFILE64_SOURCE -D_FILE_OFFSET_BITS=64 -march=rv32ima -mabi=ilp32 conftest.c  >&5
conftest.c:74:6: warning: conflicting types for built-in function 'memset'; expected 'void *(void *, int,  unsigned int)' [-Wbuiltin-declaration-mismatch]
   74 | char memset ();
      |      ^~~~~~
conftest.c:66:1: note: 'memset' is declared in header '<string.h>'
   65 | #include <limits.h>
   66 | #undef memset
configure:4944: $? = 0
configure:4944: result: yes
configure:4950: checking for poll
configure:4950: /home/joelphilip/Documents/C2S/Trisul32/trisul32_buildroot-master/buildroot/output/host/bin/riscv32-buildroot-linux-gnu-gcc -o conftest -D_LARGEFILE_SOURCE -D_LARGEFILE64_SOURCE -D_FILE_OFFSET_BITS=64  -Os -g0 -D_FORTIFY_SOURCE=1 -Wall -D_LARGEFILE_SOURCE -D_LARGEFILE64_SOURCE -D_FILE_OFFSET_BITS=64 -march=rv32ima -mabi=ilp32 conftest.c  >&5
configure:4950: $? = 0
configure:4950: result: yes
configure:4956: checking for select
configure:4956: /home/joelphilip/Documents/C2S/Trisul32/trisul32_buildroot-master/buildroot/output/host/bin/riscv32-buildroot-linux-gnu-gcc -o conftest -D_LARGEFILE_SOURCE -D_LARGEFILE64_SOURCE -D_FILE_OFFSET_BITS=64  -Os -g0 -D_FORTIFY_SOURCE=1 -Wall -D_LARGEFILE_SOURCE -D_LARGEFILE64_SOURCE -D_FILE_OFFSET_BITS=64 -march=rv32ima -mabi=ilp32 conftest.c  >&5
configure:4956: $? = 0
configure:4956: result: yes
configure:4962: checking for setproctitle
configure:4962: /home/joelphilip/Documents/C2S/Trisul32/trisul32_buildroot-master/buildroot/output/host/bin/riscv32-buildroot-linux-gnu-gcc -o conftest -D_LARGEFILE_SOURCE -D_LARGEFILE64_SOURCE -D_FILE_OFFSET_BITS=64  -Os -g0 -D_FORTIFY_SOURCE=1 -Wall -D_LARGEFILE_SOURCE -D_LARGEFILE64_SOURCE -D_FILE_OFFSET_BITS=64 -march=rv32ima -mabi=ilp32 conftest.c  >&5
/home/joelphilip/Documents/C2S/Trisul32/trisul32_buildroot-master/buildroot/output/host/lib/gcc/riscv32-buildroot-linux-gnu/11.4.0/../../../../riscv32-buildroot-linux-gnu/bin/ld: /tmp/ccBUzvdI.o: in function `main':
conftest.c:(.text.startup+0x8): undefined reference to `setproctitle'
collect2: error: ld returned 1 exit status
configure:4962: $? = 1
configure: failed program was:
| /* confdefs.h */
| #define PACKAGE_NAME "autossh"
| #define PACKAGE_TARNAME "autossh"
| #define PACKAGE_VERSION "1.4"
| #define PACKAGE_STRING "autossh 1.4"
| #define PACKAGE_BUGREPORT "Carson Harding <harding@motd.ca>"
| #define PACKAGE_URL ""
| #define PATH_SSH "/usr/bin/ssh"
| #define HAVE_STDIO_H 1
| #define HAVE_STDLIB_H 1
| #define HAVE_STRING_H 1
| #define HAVE_INTTYPES_H 1
| #define HAVE_STDINT_H 1
| #define HAVE_STRINGS_H 1
| #define HAVE_SYS_STAT_H 1
| #define HAVE_SYS_TYPES_H 1
| #define HAVE_UNISTD_H 1
| #define HAVE_SYS_TIME_H 1
| #define HAVE_SYS_SELECT_H 1
| #define HAVE_SYS_SOCKET_H 1
| #define STDC_HEADERS 1
| #define HAVE_SYS_WAIT_H 1
| #define HAVE_ARPA_INET_H 1
| #define HAVE_FCNTL_H 1
| #define HAVE_LIMITS_H 1
| #define HAVE_NETDB_H 1
| #define HAVE_NETINET_IN_H 1
| #define HAVE_PATHS_H 1
| #define HAVE_STDLIB_H 1
| #define HAVE_STRING_H 1
| #define HAVE_SYS_SOCKET_H 1
| #define HAVE_SYS_TIME_H 1
| #define HAVE_SYSLOG_H 1
| #define HAVE_UNISTD_H 1
| #define TIME_WITH_SYS_TIME 1
| #define HAVE_SOCKLEN_T 1
| #define HAVE_ADDRINFO 1
| #define HAVE_U_INT16_T 1
| #define HAVE_LOG_PERROR 1
| #define HAVE_FORK 1
| #define HAVE_VFORK 1
| #define HAVE_VPRINTF 1
| #define HAVE_WORKING_VFORK 1
| #define HAVE_WORKING_FORK 1
| #define HAVE_MALLOC 1
| #define HAVE_REALLOC 1
| #define SELECT_TYPE_ARG1 int
| #define SELECT_TYPE_ARG234 (fd_set *)
| #define SELECT_TYPE_ARG5 (struct timeval *)
| #define HAVE_STRFTIME 1
| #define HAVE_ALARM 1
| #define HAVE_DAEMON 1
| #define HAVE_DUP2 1
| #define HAVE_GETHOSTBYNAME 1
| #define HAVE_GETTIMEOFDAY 1
| #define HAVE_MEMMOVE 1
| #define HAVE_MEMSET 1
| #define HAVE_POLL 1
| #define HAVE_SELECT 1
| /* end confdefs.h.  */
| /* Define setproctitle to an innocuous variant, in case <limits.h> declares setproctitle.
|    For example, HP-UX 11i <limits.h> declares gettimeofday.  */
| #define setproctitle innocuous_setproctitle
| 
| /* System header to define __stub macros and hopefully few prototypes,
|    which can conflict with char setproctitle (); below.  */
| 
| #include <limits.h>
| #undef setproctitle
| 
| /* Override any GCC internal prototype to avoid an error.
|    Use char because int might match the return type of a GCC
|    builtin and then its argument prototype would still apply.  */
| #ifdef __cplusplus
| extern "C"
| #endif
| char setproctitle ();
| /* The GNU C library defines this for functions which it implements
|     to always fail with ENOSYS.  Some functions are actually named
|     something starting with __ and the normal name is an alias.  */
| #if defined __stub_setproctitle || defined __stub___setproctitle
| choke me
| #endif
| 
| int
| main (void)
| {
| return setproctitle ();
|   ;
|   return 0;
| }
configure:4962: result: no
configure:4968: checking for socket
configure:4968: /home/joelphilip/Documents/C2S/Trisul32/trisul32_buildroot-master/buildroot/output/host/bin/riscv32-buildroot-linux-gnu-gcc -o conftest -D_LARGEFILE_SOURCE -D_LARGEFILE64_SOURCE -D_FILE_OFFSET_BITS=64  -Os -g0 -D_FORTIFY_SOURCE=1 -Wall -D_LARGEFILE_SOURCE -D_LARGEFILE64_SOURCE -D_FILE_OFFSET_BITS=64 -march=rv32ima -mabi=ilp32 conftest.c  >&5
configure:4968: $? = 0
configure:4968: result: yes
configure:4974: checking for strchr
configure:4974: /home/joelphilip/Documents/C2S/Trisul32/trisul32_buildroot-master/buildroot/output/host/bin/riscv32-buildroot-linux-gnu-gcc -o conftest -D_LARGEFILE_SOURCE -D_LARGEFILE64_SOURCE -D_FILE_OFFSET_BITS=64  -Os -g0 -D_FORTIFY_SOURCE=1 -Wall -D_LARGEFILE_SOURCE -D_LARGEFILE64_SOURCE -D_FILE_OFFSET_BITS=64 -march=rv32ima -mabi=ilp32 conftest.c  >&5
conftest.c:78:6: warning: conflicting types for built-in function 'strchr'; expected 'char *(const char *, int)' [-Wbuiltin-declaration-mismatch]
   78 | char strchr ();
      |      ^~~~~~
conftest.c:70:1: note: 'strchr' is declared in header '<string.h>'
   69 | #include <limits.h>
   70 | #undef strchr
configure:4974: $? = 0
configure:4974: result: yes
configure:4980: checking for strerror
configure:4980: /home/joelphilip/Documents/C2S/Trisul32/trisul32_buildroot-master/buildroot/output/host/bin/riscv32-buildroot-linux-gnu-gcc -o conftest -D_LARGEFILE_SOURCE -D_LARGEFILE64_SOURCE -D_FILE_OFFSET_BITS=64  -Os -g0 -D_FORTIFY_SOURCE=1 -Wall -D_LARGEFILE_SOURCE -D_LARGEFILE64_SOURCE -D_FILE_OFFSET_BITS=64 -march=rv32ima -mabi=ilp32 conftest.c  >&5
configure:4980: $? = 0
configure:4980: result: yes
configure:4987: checking for strncasecmp
configure:4987: /home/joelphilip/Documents/C2S/Trisul32/trisul32_buildroot-master/buildroot/output/host/bin/riscv32-buildroot-linux-gnu-gcc -o conftest -D_LARGEFILE_SOURCE -D_LARGEFILE64_SOURCE -D_FILE_OFFSET_BITS=64  -Os -g0 -D_FORTIFY_SOURCE=1 -Wall -D_LARGEFILE_SOURCE -D_LARGEFILE64_SOURCE -D_FILE_OFFSET_BITS=64 -march=rv32ima -mabi=ilp32 conftest.c  >&5
conftest.c:80:6: warning: conflicting types for built-in function 'strncasecmp'; expected 'int(const char *, const char *, unsigned int)' [-Wbuiltin-declaration-mismatch]
   80 | char strncasecmp ();
      |      ^~~~~~~~~~~
configure:4987: $? = 0
configure:4987: result: yes
configure:4993: checking for strtoul
configure:4993: /home/joelphilip/Documents/C2S/Trisul32/trisul32_buildroot-master/buildroot/output/host/bin/riscv32-buildroot-linux-gnu-gcc -o conftest -D_LARGEFILE_SOURCE -D_LARGEFILE64_SOURCE -D_FILE_OFFSET_BITS=64  -Os -g0 -D_FORTIFY_SOURCE=1 -Wall -D_LARGEFILE_SOURCE -D_LARGEFILE64_SOURCE -D_FILE_OFFSET_BITS=64 -march=rv32ima -mabi=ilp32 conftest.c  >&5
configure:4993: $? = 0
configure:4993: result: yes
configure:4999: checking for uname
configure:4999: /home/joelphilip/Documents/C2S/Trisul32/trisul32_buildroot-master/buildroot/output/host/bin/riscv32-buildroot-linux-gnu-gcc -o conftest -D_LARGEFILE_SOURCE -D_LARGEFILE64_SOURCE -D_FILE_OFFSET_BITS=64  -Os -g0 -D_FORTIFY_SOURCE=1 -Wall -D_LARGEFILE_SOURCE -D_LARGEFILE64_SOURCE -D_FILE_OFFSET_BITS=64 -march=rv32ima -mabi=ilp32 conftest.c  >&5
configure:4999: $? = 0
configure:4999: result: yes
configure:5005: checking for vsyslog
configure:5005: /home/joelphilip/Documents/C2S/Trisul32/trisul32_buildroot-master/buildroot/output/host/bin/riscv32-buildroot-linux-gnu-gcc -o conftest -D_LARGEFILE_SOURCE -D_LARGEFILE64_SOURCE -D_FILE_OFFSET_BITS=64  -Os -g0 -D_FORTIFY_SOURCE=1 -Wall -D_LARGEFILE_SOURCE -D_LARGEFILE64_SOURCE -D_FILE_OFFSET_BITS=64 -march=rv32ima -mabi=ilp32 conftest.c  >&5
configure:5005: $? = 0
configure:5005: result: yes
configure:5013: checking for gethostbyname in -lnsl
configure:5036: /home/joelphilip/Documents/C2S/Trisul32/trisul32_buildroot-master/buildroot/output/host/bin/riscv32-buildroot-linux-gnu-gcc -o conftest -D_LARGEFILE_SOURCE -D_LARGEFILE64_SOURCE -D_FILE_OFFSET_BITS=64  -Os -g0 -D_FORTIFY_SOURCE=1 -Wall -D_LARGEFILE_SOURCE -D_LARGEFILE64_SOURCE -D_FILE_OFFSET_BITS=64 -march=rv32ima -mabi=ilp32 conftest.c -lnsl   >&5
/home/joelphilip/Documents/C2S/Trisul32/trisul32_buildroot-master/buildroot/output/host/lib/gcc/riscv32-buildroot-linux-gnu/11.4.0/../../../../riscv32-buildroot-linux-gnu/bin/ld: cannot find -lnsl: No such file or directory
collect2: error: ld returned 1 exit status
configure:5036: $? = 1
configure: failed program was:
| /* confdefs.h */
| #define PACKAGE_NAME "autossh"
| #define PACKAGE_TARNAME "autossh"
| #define PACKAGE_VERSION "1.4"
| #define PACKAGE_STRING "autossh 1.4"
| #define PACKAGE_BUGREPORT "Carson Harding <harding@motd.ca>"
| #define PACKAGE_URL ""
| #define PATH_SSH "/usr/bin/ssh"
| #define HAVE_STDIO_H 1
| #define HAVE_STDLIB_H 1
| #define HAVE_STRING_H 1
| #define HAVE_INTTYPES_H 1
| #define HAVE_STDINT_H 1
| #define HAVE_STRINGS_H 1
| #define HAVE_SYS_STAT_H 1
| #define HAVE_SYS_TYPES_H 1
| #define HAVE_UNISTD_H 1
| #define HAVE_SYS_TIME_H 1
| #define HAVE_SYS_SELECT_H 1
| #define HAVE_SYS_SOCKET_H 1
| #define STDC_HEADERS 1
| #define HAVE_SYS_WAIT_H 1
| #define HAVE_ARPA_INET_H 1
| #define HAVE_FCNTL_H 1
| #define HAVE_LIMITS_H 1
| #define HAVE_NETDB_H 1
| #define HAVE_NETINET_IN_H 1
| #define HAVE_PATHS_H 1
| #define HAVE_STDLIB_H 1
| #define HAVE_STRING_H 1
| #define HAVE_SYS_SOCKET_H 1
| #define HAVE_SYS_TIME_H 1
| #define HAVE_SYSLOG_H 1
| #define HAVE_UNISTD_H 1
| #define TIME_WITH_SYS_TIME 1
| #define HAVE_SOCKLEN_T 1
| #define HAVE_ADDRINFO 1
| #define HAVE_U_INT16_T 1
| #define HAVE_LOG_PERROR 1
| #define HAVE_FORK 1
| #define HAVE_VFORK 1
| #define HAVE_VPRINTF 1
| #define HAVE_WORKING_VFORK 1
| #define HAVE_WORKING_FORK 1
| #define HAVE_MALLOC 1
| #define HAVE_REALLOC 1
| #define SELECT_TYPE_ARG1 int
| #define SELECT_TYPE_ARG234 (fd_set *)
| #define SELECT_TYPE_ARG5 (struct timeval *)
| #define HAVE_STRFTIME 1
| #define HAVE_ALARM 1
| #define HAVE_DAEMON 1
| #define HAVE_DUP2 1
| #define HAVE_GETHOSTBYNAME 1
| #define HAVE_GETTIMEOFDAY 1
| #define HAVE_MEMMOVE 1
| #define HAVE_MEMSET 1
| #define HAVE_POLL 1
| #define HAVE_SELECT 1
| #define HAVE_SOCKET 1
| #define HAVE_STRCHR 1
| #define HAVE_STRERROR 1
| #define HAVE_STRNCASECMP 1
| #define HAVE_STRTOUL 1
| #define HAVE_UNAME 1
| #define HAVE_VSYSLOG 1
| /* end confdefs.h.  */
| 
| /* Override any GCC internal prototype to avoid an error.
|    Use char because int might match the return type of a GCC
|    builtin and then its argument prototype would still apply.  */
| char gethostbyname ();
| int
| main (void)
| {
| return gethostbyname ();
|   ;
|   return 0;
| }
configure:5046: result: no
configure:5056: checking for connect in -lsocket
configure:5079: /home/joelphilip/Documents/C2S/Trisul32/trisul32_buildroot-master/buildroot/output/host/bin/riscv32-buildroot-linux-gnu-gcc -o conftest -D_LARGEFILE_SOURCE -D_LARGEFILE64_SOURCE -D_FILE_OFFSET_BITS=64  -Os -g0 -D_FORTIFY_SOURCE=1 -Wall -D_LARGEFILE_SOURCE -D_LARGEFILE64_SOURCE -D_FILE_OFFSET_BITS=64 -march=rv32ima -mabi=ilp32 conftest.c -lsocket   >&5
/home/joelphilip/Documents/C2S/Trisul32/trisul32_buildroot-master/buildroot/output/host/lib/gcc/riscv32-buildroot-linux-gnu/11.4.0/../../../../riscv32-buildroot-linux-gnu/bin/ld: cannot find -lsocket: No such file or directory
collect2: error: ld returned 1 exit status
configure:5079: $? = 1
configure: failed program was:
| /* confdefs.h */
| #define PACKAGE_NAME "autossh"
| #define PACKAGE_TARNAME "autossh"
| #define PACKAGE_VERSION "1.4"
| #define PACKAGE_STRING "autossh 1.4"
| #define PACKAGE_BUGREPORT "Carson Harding <harding@motd.ca>"
| #define PACKAGE_URL ""
| #define PATH_SSH "/usr/bin/ssh"
| #define HAVE_STDIO_H 1
| #define HAVE_STDLIB_H 1
| #define HAVE_STRING_H 1
| #define HAVE_INTTYPES_H 1
| #define HAVE_STDINT_H 1
| #define HAVE_STRINGS_H 1
| #define HAVE_SYS_STAT_H 1
| #define HAVE_SYS_TYPES_H 1
| #define HAVE_UNISTD_H 1
| #define HAVE_SYS_TIME_H 1
| #define HAVE_SYS_SELECT_H 1
| #define HAVE_SYS_SOCKET_H 1
| #define STDC_HEADERS 1
| #define HAVE_SYS_WAIT_H 1
| #define HAVE_ARPA_INET_H 1
| #define HAVE_FCNTL_H 1
| #define HAVE_LIMITS_H 1
| #define HAVE_NETDB_H 1
| #define HAVE_NETINET_IN_H 1
| #define HAVE_PATHS_H 1
| #define HAVE_STDLIB_H 1
| #define HAVE_STRING_H 1
| #define HAVE_SYS_SOCKET_H 1
| #define HAVE_SYS_TIME_H 1
| #define HAVE_SYSLOG_H 1
| #define HAVE_UNISTD_H 1
| #define TIME_WITH_SYS_TIME 1
| #define HAVE_SOCKLEN_T 1
| #define HAVE_ADDRINFO 1
| #define HAVE_U_INT16_T 1
| #define HAVE_LOG_PERROR 1
| #define HAVE_FORK 1
| #define HAVE_VFORK 1
| #define HAVE_VPRINTF 1
| #define HAVE_WORKING_VFORK 1
| #define HAVE_WORKING_FORK 1
| #define HAVE_MALLOC 1
| #define HAVE_REALLOC 1
| #define SELECT_TYPE_ARG1 int
| #define SELECT_TYPE_ARG234 (fd_set *)
| #define SELECT_TYPE_ARG5 (struct timeval *)
| #define HAVE_STRFTIME 1
| #define HAVE_ALARM 1
| #define HAVE_DAEMON 1
| #define HAVE_DUP2 1
| #define HAVE_GETHOSTBYNAME 1
| #define HAVE_GETTIMEOFDAY 1
| #define HAVE_MEMMOVE 1
| #define HAVE_MEMSET 1
| #define HAVE_POLL 1
| #define HAVE_SELECT 1
| #define HAVE_SOCKET 1
| #define HAVE_STRCHR 1
| #define HAVE_STRERROR 1
| #define HAVE_STRNCASECMP 1
| #define HAVE_STRTOUL 1
| #define HAVE_UNAME 1
| #define HAVE_VSYSLOG 1
| /* end confdefs.h.  */
| 
| /* Override any GCC internal prototype to avoid an error.
|    Use char because int might match the return type of a GCC
|    builtin and then its argument prototype would still apply.  */
| char connect ();
| int
| main (void)
| {
| return connect ();
|   ;
|   return 0;
| }
configure:5089: result: no
configure:5115: checking if libc defines __progname
configure:5133: /home/joelphilip/Documents/C2S/Trisul32/trisul32_buildroot-master/buildroot/output/host/bin/riscv32-buildroot-linux-gnu-gcc -o conftest -D_LARGEFILE_SOURCE -D_LARGEFILE64_SOURCE -D_FILE_OFFSET_BITS=64  -Os -g0 -D_FORTIFY_SOURCE=1 -Wall -D_LARGEFILE_SOURCE -D_LARGEFILE64_SOURCE -D_FILE_OFFSET_BITS=64 -march=rv32ima -mabi=ilp32 conftest.c  >&5
conftest.c: In function 'main':
conftest.c:72:27: warning: implicit declaration of function 'printf' [-Wimplicit-function-declaration]
   72 |  extern char *__progname; printf("%s", __progname);
      |                           ^~~~~~
conftest.c:1:1: note: include '<stdio.h>' or provide a declaration of 'printf'
    1 | /* confdefs.h */
conftest.c:72:27: warning: incompatible implicit declaration of built-in function 'printf' [-Wbuiltin-declaration-mismatch]
   72 |  extern char *__progname; printf("%s", __progname);
      |                           ^~~~~~
conftest.c:72:27: note: include '<stdio.h>' or provide a declaration of 'printf'
configure:5133: $? = 0
configure:5144: result: yes
configure:5258: creating ./config.status

## ---------------------- ##
## Running config.status. ##
## ---------------------- ##

This file was extended by autossh config.status 1.4, which was
generated by GNU Autoconf 2.71.  Invocation command line was

  CONFIG_FILES    = 
  CONFIG_HEADERS  = 
  CONFIG_LINKS    = 
  CONFIG_COMMANDS = 
  $ ./config.status 

on joelphilip-LOQ

config.status:850: creating Makefile
config.status:850: creating config.h
configure:6407: WARNING: unrecognized options: --disable-gtk-doc, --disable-gtk-doc-html, --disable-doc, --disable-docs, --disable-documentation, --with-xmlto, --with-fop, --disable-dependency-tracking, --enable-ipv6, --disable-nls, --disable-static, --enable-shared

## ---------------- ##
## Cache variables. ##
## ---------------- ##

ac_cv_build=x86_64-pc-linux-gnu
ac_cv_c_bigendian=no
ac_cv_c_compiler_gnu=yes
ac_cv_c_const=yes
ac_cv_c_inline=inline
ac_cv_c_undeclared_builtin_options='none needed'
ac_cv_c_volatile=yes
ac_cv_env_CC_set=set
ac_cv_env_CC_value=/home/joelphilip/Documents/C2S/Trisul32/trisul32_buildroot-master/buildroot/output/host/bin/riscv32-buildroot-linux-gnu-gcc
ac_cv_env_CFLAGS_set=set
ac_cv_env_CFLAGS_value='-D_LARGEFILE_SOURCE -D_LARGEFILE64_SOURCE -D_FILE_OFFSET_BITS=64  -Os -g0 -D_FORTIFY_SOURCE=1'
ac_cv_env_CPPFLAGS_set=set
ac_cv_env_CPPFLAGS_value='-D_LARGEFILE_SOURCE -D_LARGEFILE64_SOURCE -D_FILE_OFFSET_BITS=64'
ac_cv_env_LDFLAGS_set=set
ac_cv_env_LDFLAGS_value='-march=rv32ima -mabi=ilp32'
ac_cv_env_LIBS_set=
ac_cv_env_LIBS_value=
ac_cv_env_build_alias_set=set
ac_cv_env_build_alias_value=x86_64-pc-linux-gnu
ac_cv_env_host_alias_set=set
ac_cv_env_host_alias_value=riscv32-buildroot-linux-gnu
ac_cv_env_target_alias_set=set
ac_cv_env_target_alias_value=riscv32-buildroot-linux-gnu
ac_cv_func_alarm=yes
ac_cv_func_calloc_0_nonnull=yes
ac_cv_func_daemon=yes
ac_cv_func_dup2=yes
ac_cv_func_fork=yes
ac_cv_func_fork_works=yes
ac_cv_func_gethostbyname=yes
ac_cv_func_gettimeofday=yes
ac_cv_func_malloc_0_nonnull=yes
ac_cv_func_memcmp_working=yes
ac_cv_func_memmove=yes
ac_cv_func_memset=yes
ac_cv_func_mmap_fixed_mapped=yes
ac_cv_func_poll=yes
ac_cv_func_realloc_0_nonnull=yes
ac_cv_func_select=yes
ac_cv_func_select_args='int,fd_set *,struct timeval *'
ac_cv_func_setproctitle=no
ac_cv_func_socket=yes
ac_cv_func_strchr=yes
ac_cv_func_strerror=yes
ac_cv_func_strftime=yes
ac_cv_func_strncasecmp=yes
ac_cv_func_strtoul=yes
ac_cv_func_uname=yes
ac_cv_func_vfork=yes
ac_cv_func_vfork_works=yes
ac_cv_func_vprintf=yes
ac_cv_func_vsyslog=yes
ac_cv_have_decl_LOG_PERROR=yes
ac_cv_have_decl_malloc=yes
ac_cv_header_arpa_inet_h=yes
ac_cv_header_fcntl_h=yes
ac_cv_header_inttypes_h=yes
ac_cv_header_limits_h=yes
ac_cv_header_netdb_h=yes
ac_cv_header_netinet_in_h=yes
ac_cv_header_paths_h=yes
ac_cv_header_stdint_h=yes
ac_cv_header_stdio_h=yes
ac_cv_header_stdlib_h=yes
ac_cv_header_string_h=yes
ac_cv_header_strings_h=yes
ac_cv_header_sys_select_h=yes
ac_cv_header_sys_socket_h=yes
ac_cv_header_sys_stat_h=yes
ac_cv_header_sys_time_h=yes
ac_cv_header_sys_types_h=yes
ac_cv_header_sys_wait_h=yes
ac_cv_header_syslog_h=yes
ac_cv_header_unistd_h=yes
ac_cv_header_vfork_h=no
ac_cv_host=riscv32-buildroot-linux-gnu
ac_cv_lbl_unaligned_fail=yes
ac_cv_lib_nsl_gethostbyname=no
ac_cv_lib_socket_connect=no
ac_cv_libc_defines___progname=yes
ac_cv_objext=o
ac_cv_path_EGREP='/usr/bin/grep -E'
ac_cv_path_GREP=/usr/bin/grep
ac_cv_path_ssh=/usr/bin/ssh
ac_cv_prog_CC=/home/joelphilip/Documents/C2S/Trisul32/trisul32_buildroot-master/buildroot/output/host/bin/riscv32-buildroot-linux-gnu-gcc
ac_cv_prog_cc_c11=
ac_cv_prog_cc_g=yes
ac_cv_prog_cc_stdc=
ac_cv_struct_tm=time.h
ac_cv_type_pid_t=yes
ac_cv_type_size_t=yes
ac_cv_type_socklen_t=yes
ac_cv_type_struct_addrinfo=yes
ac_cv_type_u_int16_t=yes
ac_cv_type_uint16_t=no
gl_cv_func_malloc_0_nonnull=yes
lt_cv_sys_lib_search_path_spec=

## ----------------- ##
## Output variables. ##
## ----------------- ##

CC='/home/joelphilip/Documents/C2S/Trisul32/trisul32_buildroot-master/buildroot/output/host/bin/riscv32-buildroot-linux-gnu-gcc'
CFLAGS='-D_LARGEFILE_SOURCE -D_LARGEFILE64_SOURCE -D_FILE_OFFSET_BITS=64  -Os -g0 -D_FORTIFY_SOURCE=1 -Wall'
CPPFLAGS='-D_LARGEFILE_SOURCE -D_LARGEFILE64_SOURCE -D_FILE_OFFSET_BITS=64'
DEFS='-DHAVE_CONFIG_H'
ECHO_C=''
ECHO_N='-n'
ECHO_T=''
EGREP='/usr/bin/grep -E'
EXEEXT=''
GREP='/usr/bin/grep'
LDFLAGS='-march=rv32ima -mabi=ilp32'
LIBOBJS=''
LIBS=''
LTLIBOBJS=''
OBJEXT='o'
PACKAGE_BUGREPORT='Carson Harding <harding@motd.ca>'
PACKAGE_NAME='autossh'
PACKAGE_STRING='autossh 1.4'
PACKAGE_TARNAME='autossh'
PACKAGE_URL=''
PACKAGE_VERSION='1.4'
PATH_SEPARATOR=':'
SHELL='/bin/bash'
ac_ct_CC=''
bindir='${exec_prefix}/bin'
build='x86_64-pc-linux-gnu'
build_alias='x86_64-pc-linux-gnu'
build_cpu='x86_64'
build_os='linux-gnu'
build_vendor='pc'
datadir='${datarootdir}'
datarootdir='${prefix}/share'
docdir='${datarootdir}/doc/${PACKAGE_TARNAME}'
dvidir='${docdir}'
exec_prefix='/usr'
host='riscv32-buildroot-linux-gnu'
host_alias='riscv32-buildroot-linux-gnu'
host_cpu='riscv32'
host_os='linux-gnu'
host_vendor='buildroot'
htmldir='${docdir}'
includedir='${prefix}/include'
infodir='${datarootdir}/info'
libdir='${exec_prefix}/lib'
libexecdir='${exec_prefix}/libexec'
localedir='${datarootdir}/locale'
localstatedir='/var'
mandir='${datarootdir}/man'
oldincludedir='/usr/include'
path_ssh='/usr/bin/ssh'
pdfdir='${docdir}'
prefix='/usr'
program_transform_name='s,x,x,'
psdir='${docdir}'
runstatedir='${localstatedir}/run'
sbindir='${exec_prefix}/sbin'
sharedstatedir='${prefix}/com'
ssh=''
sysconfdir='/etc'
target_alias='riscv32-buildroot-linux-gnu'

## ----------- ##
## confdefs.h. ##
## ----------- ##

/* confdefs.h */
#define PACKAGE_NAME "autossh"
#define PACKAGE_TARNAME "autossh"
#define PACKAGE_VERSION "1.4"
#define PACKAGE_STRING "autossh 1.4"
#define PACKAGE_BUGREPORT "Carson Harding <harding@motd.ca>"
#define PACKAGE_URL ""
#define PATH_SSH "/usr/bin/ssh"
#define HAVE_STDIO_H 1
#define HAVE_STDLIB_H 1
#define HAVE_STRING_H 1
#define HAVE_INTTYPES_H 1
#define HAVE_STDINT_H 1
#define HAVE_STRINGS_H 1
#define HAVE_SYS_STAT_H 1
#define HAVE_SYS_TYPES_H 1
#define HAVE_UNISTD_H 1
#define HAVE_SYS_TIME_H 1
#define HAVE_SYS_SELECT_H 1
#define HAVE_SYS_SOCKET_H 1
#define STDC_HEADERS 1
#define HAVE_SYS_WAIT_H 1
#define HAVE_ARPA_INET_H 1
#define HAVE_FCNTL_H 1
#define HAVE_LIMITS_H 1
#define HAVE_NETDB_H 1
#define HAVE_NETINET_IN_H 1
#define HAVE_PATHS_H 1
#define HAVE_STDLIB_H 1
#define HAVE_STRING_H 1
#define HAVE_SYS_SOCKET_H 1
#define HAVE_SYS_TIME_H 1
#define HAVE_SYSLOG_H 1
#define HAVE_UNISTD_H 1
#define TIME_WITH_SYS_TIME 1
#define HAVE_SOCKLEN_T 1
#define HAVE_ADDRINFO 1
#define HAVE_U_INT16_T 1
#define HAVE_LOG_PERROR 1
#define HAVE_FORK 1
#define HAVE_VFORK 1
#define HAVE_VPRINTF 1
#define HAVE_WORKING_VFORK 1
#define HAVE_WORKING_FORK 1
#define HAVE_MALLOC 1
#define HAVE_REALLOC 1
#define SELECT_TYPE_ARG1 int
#define SELECT_TYPE_ARG234 (fd_set *)
#define SELECT_TYPE_ARG5 (struct timeval *)
#define HAVE_STRFTIME 1
#define HAVE_ALARM 1
#define HAVE_DAEMON 1
#define HAVE_DUP2 1
#define HAVE_GETHOSTBYNAME 1
#define HAVE_GETTIMEOFDAY 1
#define HAVE_MEMMOVE 1
#define HAVE_MEMSET 1
#define HAVE_POLL 1
#define HAVE_SELECT 1
#define HAVE_SOCKET 1
#define HAVE_STRCHR 1
#define HAVE_STRERROR 1
#define HAVE_STRNCASECMP 1
#define HAVE_STRTOUL 1
#define HAVE_UNAME 1
#define HAVE_VSYSLOG 1
#define HAVE___PROGNAME 1

configure: exit 0
